This is XeTeX, Version 3.141592653-2.6-0.999994 (TeX Live 2022) (preloaded format=xelatex 2022.12.13)  13 DEC 2022 14:51
entering extended mode
 restricted \write18 enabled.
 %&-line parsing enabled.
**Dissertation_Feddern.tex
(./Dissertation_Feddern.tex
LaTeX2e <2022-11-01> patch level 1
L3 programming layer <2022-11-02> (./uwthesis.cls
Document Class: uwthesis 2020/02/24
\tf@not=\write3
(/Users/megansmac/Library/TinyTeX/texmf-dist/tex/latex/base/book.cls
Document Class: book 2022/07/02 v1.4n Standard LaTeX document class
(/Users/megansmac/Library/TinyTeX/texmf-dist/tex/latex/base/bk12.clo
File: bk12.clo 2022/07/02 v1.4n Standard LaTeX file (size option)
)
\c@part=\count181
\c@chapter=\count182
\c@section=\count183
\c@subsection=\count184
\c@subsubsection=\count185
\c@paragraph=\count186
\c@subparagraph=\count187
\c@figure=\count188
\c@table=\count189
\abovecaptionskip=\skip48
\belowcaptionskip=\skip49
\bibindent=\dimen140
)
Formatting for ProQuest
\botmargin=\dimen141
\@@wholepage=\box51
\@Chair=\count190
\@Sign=\count191
\abs@savebox=\box52
)
\cslhangindent=\skip50
\c@theorem=\count192
(/Users/megansmac/Library/TinyTeX/texmf-dist/tex/latex/draftwatermark/draftwatermark.sty
Package: draftwatermark 2020/12/08 3.0 Put a gray textual watermark on document pages
(/Users/megansmac/Library/TinyTeX/texmf-dist/tex/latex/kvoptions/kvoptions.sty
Package: kvoptions 2022-06-15 v3.15 Key value format for package options (HO)
(/Users/megansmac/Library/TinyTeX/texmf-dist/tex/latex/graphics/keyval.sty
Package: keyval 2022/05/29 v1.15 key=value parser (DPC)
\KV@toks@=\toks16
) (/Users/megansmac/Library/TinyTeX/texmf-dist/tex/generic/ltxcmds/ltxcmds.sty
Package: ltxcmds 2020-05-10 v1.25 LaTeX kernel commands for general use (HO)
) (/Users/megansmac/Library/TinyTeX/texmf-dist/tex/latex/kvsetkeys/kvsetkeys.sty
Package: kvsetkeys 2022-10-05 v1.19 Key value parser (HO)
)) (/Users/megansmac/Library/TinyTeX/texmf-dist/tex/latex/graphics/graphicx.sty
Package: graphicx 2021/09/16 v1.2d Enhanced LaTeX Graphics (DPC,SPQR)
(/Users/megansmac/Library/TinyTeX/texmf-dist/tex/latex/graphics/graphics.sty
Package: graphics 2022/03/10 v1.4e Standard LaTeX Graphics (DPC,SPQR)
(/Users/megansmac/Library/TinyTeX/texmf-dist/tex/latex/graphics/trig.sty
Package: trig 2021/08/11 v1.11 sin cos tan (DPC)
) (/Users/megansmac/Library/TinyTeX/texmf-dist/tex/latex/graphics-cfg/graphics.cfg
File: graphics.cfg 2016/06/04 v1.11 sample graphics configuration
)
Package graphics Info: Driver file: xetex.def on input line 107.
(/Users/megansmac/Library/TinyTeX/texmf-dist/tex/latex/graphics-def/xetex.def
File: xetex.def 2022/09/22 v5.0n Graphics/color driver for xetex
))
\Gin@req@height=\dimen142
\Gin@req@width=\dimen143
) (/Users/megansmac/Library/TinyTeX/texmf-dist/tex/latex/graphics/color.sty
Package: color 2022/01/06 v1.3d Standard LaTeX Color (DPC)
(/Users/megansmac/Library/TinyTeX/texmf-dist/tex/latex/graphics-cfg/color.cfg
File: color.cfg 2016/01/02 v1.6 sample color configuration
)
Package color Info: Driver file: xetex.def on input line 149.
(/Users/megansmac/Library/TinyTeX/texmf-dist/tex/latex/graphics/mathcolor.ltx))) (/Users/megansmac/Library/TinyTeX/texmf-dist/tex/latex/wasysym/wasysym.sty
Package: wasysym 2020/01/19 v2.4 Wasy-2 symbol support package
\symwasy=\mathgroup4
LaTeX Font Info:    Overwriting symbol font `wasy' in version `bold'
(Font)                  U/wasy/m/n --> U/wasy/b/n on input line 93.
) (/Users/megansmac/Library/TinyTeX/texmf-dist/tex/latex/tools/calc.sty
Package: calc 2017/05/25 v4.3 Infix arithmetic (KKT,FJ)
\calc@Acount=\count193
\calc@Bcount=\count194
\calc@Adimen=\dimen144
\calc@Bdimen=\dimen145
\calc@Askip=\skip51
\calc@Bskip=\skip52
LaTeX Info: Redefining \setlength on input line 80.
LaTeX Info: Redefining \addtolength on input line 81.
\calc@Ccount=\count195
\calc@Cskip=\skip53
) (/Users/megansmac/Library/TinyTeX/texmf-dist/tex/latex/base/textcomp.sty
Package: textcomp 2020/02/02 v2.0n Standard LaTeX package
) (/Users/megansmac/Library/TinyTeX/texmf-dist/tex/latex/graphics/lscape.sty
Package: lscape 2020/05/28 v3.02 Landscape Pages (DPC)
) (/Users/megansmac/Library/TinyTeX/texmf-dist/tex/latex/tools/tabularx.sty
Package: tabularx 2020/01/15 v2.11c `tabularx' package (DPC)
(/Users/megansmac/Library/TinyTeX/texmf-dist/tex/latex/tools/array.sty
Package: array 2022/09/04 v2.5g Tabular extension package (FMi)
\col@sep=\dimen146
\ar@mcellbox=\box53
\extrarowheight=\dimen147
\NC@list=\toks17
\extratabsurround=\skip54
\backup@length=\skip55
\ar@cellbox=\box54
)
\TX@col@width=\dimen148
\TX@old@table=\dimen149
\TX@old@col=\dimen150
\TX@target=\dimen151
\TX@delta=\dimen152
\TX@cols=\count196
\TX@ftn=\toks18
) (/Users/megansmac/Library/TinyTeX/texmf-dist/tex/latex/etoolbox/etoolbox.sty
Package: etoolbox 2020/10/05 v2.5k e-TeX tools for LaTeX (JAW)
\etb@tempcnta=\count197
) (/Users/megansmac/Library/TinyTeX/texmf-dist/tex/latex/booktabs/booktabs.sty
Package: booktabs 2020/01/12 v1.61803398 Publication quality tables
\heavyrulewidth=\dimen153
\lightrulewidth=\dimen154
\cmidrulewidth=\dimen155
\belowrulesep=\dimen156
\belowbottomsep=\dimen157
\aboverulesep=\dimen158
\abovetopsep=\dimen159
\cmidrulesep=\dimen160
\cmidrulekern=\dimen161
\defaultaddspace=\dimen162
\@cmidla=\count198
\@cmidlb=\count199
\@aboverulesep=\dimen163
\@belowrulesep=\dimen164
\@thisruleclass=\count266
\@lastruleclass=\count267
\@thisrulewidth=\dimen165
) (/Users/megansmac/Library/TinyTeX/texmf-dist/tex/latex/tools/longtable.sty
Package: longtable 2021-09-01 v4.17 Multi-page Table package (DPC)
\LTleft=\skip56
\LTright=\skip57
\LTpre=\skip58
\LTpost=\skip59
\LTchunksize=\count268
\LTcapwidth=\dimen166
\LT@head=\box55
\LT@firsthead=\box56
\LT@foot=\box57
\LT@lastfoot=\box58
\LT@gbox=\box59
\LT@cols=\count269
\LT@rows=\count270
\c@LT@tables=\count271
\c@LT@chunks=\count272
\LT@p@ftn=\toks19
) (/Users/megansmac/Library/TinyTeX/texmf-dist/tex/latex/biblatex/biblatex.sty
Package: biblatex 2022/07/12 v3.18b programmable bibliographies (PK/MW)
(/Users/megansmac/Library/TinyTeX/texmf-dist/tex/generic/pdftexcmds/pdftexcmds.sty
Package: pdftexcmds 2020-06-27 v0.33 Utility functions of pdfTeX for LuaTeX (HO)
(/Users/megansmac/Library/TinyTeX/texmf-dist/tex/generic/infwarerr/infwarerr.sty
Package: infwarerr 2019/12/03 v1.5 Providing info/warning/error messages (HO)
) (/Users/megansmac/Library/TinyTeX/texmf-dist/tex/generic/iftex/iftex.sty
Package: iftex 2022/02/03 v1.0f TeX engine tests
)
Package pdftexcmds Info: \pdf@primitive is available.
Package pdftexcmds Info: \pdf@ifprimitive is available.
Package pdftexcmds Info: \pdfdraftmode not found.
) (/Users/megansmac/Library/TinyTeX/texmf-dist/tex/latex/logreq/logreq.sty
Package: logreq 2010/08/04 v1.0 xml request logger
\lrq@indent=\count273
(/Users/megansmac/Library/TinyTeX/texmf-dist/tex/latex/logreq/logreq.def
File: logreq.def 2010/08/04 v1.0 logreq spec v1.0
)) (/Users/megansmac/Library/TinyTeX/texmf-dist/tex/latex/base/ifthen.sty
Package: ifthen 2022/04/13 v1.1d Standard LaTeX ifthen package (DPC)
) (/Users/megansmac/Library/TinyTeX/texmf-dist/tex/latex/url/url.sty
\Urlmuskip=\muskip16
Package: url 2013/09/16  ver 3.4  Verb mode for urls, etc.
)
\c@tabx@nest=\count274
\c@listtotal=\count275
\c@listcount=\count276
\c@liststart=\count277
\c@liststop=\count278
\c@citecount=\count279
\c@citetotal=\count280
\c@multicitecount=\count281
\c@multicitetotal=\count282
\c@instcount=\count283
\c@maxnames=\count284
\c@minnames=\count285
\c@maxitems=\count286
\c@minitems=\count287
\c@citecounter=\count288
\c@maxcitecounter=\count289
\c@savedcitecounter=\count290
\c@uniquelist=\count291
\c@uniquename=\count292
\c@refsection=\count293
\c@refsegment=\count294
\c@maxextratitle=\count295
\c@maxextratitleyear=\count296
\c@maxextraname=\count297
\c@maxextradate=\count298
\c@maxextraalpha=\count299
\c@abbrvpenalty=\count300
\c@highnamepenalty=\count301
\c@lownamepenalty=\count302
\c@maxparens=\count303
\c@parenlevel=\count304
\blx@tempcnta=\count305
\blx@tempcntb=\count306
\blx@tempcntc=\count307
\c@blx@maxsection=\count308
\blx@maxsegment@0=\count309
\blx@notetype=\count310
\blx@parenlevel@text=\count311
\blx@parenlevel@foot=\count312
\blx@sectionciteorder@0=\count313
\blx@sectionciteorderinternal@0=\count314
\blx@entrysetcounter=\count315
\blx@biblioinstance=\count316
\labelnumberwidth=\skip60
\labelalphawidth=\skip61
\biblabelsep=\skip62
\bibitemsep=\skip63
\bibnamesep=\skip64
\bibinitsep=\skip65
\bibparsep=\skip66
\bibhang=\skip67
\blx@bcfin=\read2
\blx@bcfout=\write4
\blx@langwohyphens=\language3
\c@mincomprange=\count317
\c@maxcomprange=\count318
\c@mincompwidth=\count319
Package biblatex Info: Trying to load biblatex default data model...
Package biblatex Info: ... file 'blx-dm.def' found.
(/Users/megansmac/Library/TinyTeX/texmf-dist/tex/latex/biblatex/blx-dm.def
File: blx-dm.def 2022/07/12 v3.18b biblatex localization (PK/MW)
)
Package biblatex Info: Trying to load biblatex custom data model...
Package biblatex Info: ... file 'biblatex-dm.cfg' not found.
\c@afterword=\count320
\c@savedafterword=\count321
\c@annotator=\count322
\c@savedannotator=\count323
\c@author=\count324
\c@savedauthor=\count325
\c@bookauthor=\count326
\c@savedbookauthor=\count327
\c@commentator=\count328
\c@savedcommentator=\count329
\c@editor=\count330
\c@savededitor=\count331
\c@editora=\count332
\c@savededitora=\count333
\c@editorb=\count334
\c@savededitorb=\count335
\c@editorc=\count336
\c@savededitorc=\count337
\c@foreword=\count338
\c@savedforeword=\count339
\c@holder=\count340
\c@savedholder=\count341
\c@introduction=\count342
\c@savedintroduction=\count343
\c@namea=\count344
\c@savednamea=\count345
\c@nameb=\count346
\c@savednameb=\count347
\c@namec=\count348
\c@savednamec=\count349
\c@translator=\count350
\c@savedtranslator=\count351
\c@shortauthor=\count352
\c@savedshortauthor=\count353
\c@shorteditor=\count354
\c@savedshorteditor=\count355
\c@labelname=\count356
\c@savedlabelname=\count357
\c@institution=\count358
\c@savedinstitution=\count359
\c@lista=\count360
\c@savedlista=\count361
\c@listb=\count362
\c@savedlistb=\count363
\c@listc=\count364
\c@savedlistc=\count365
\c@listd=\count366
\c@savedlistd=\count367
\c@liste=\count368
\c@savedliste=\count369
\c@listf=\count370
\c@savedlistf=\count371
\c@location=\count372
\c@savedlocation=\count373
\c@organization=\count374
\c@savedorganization=\count375
\c@origlocation=\count376
\c@savedoriglocation=\count377
\c@origpublisher=\count378
\c@savedorigpublisher=\count379
\c@publisher=\count380
\c@savedpublisher=\count381
\c@language=\count382
\c@savedlanguage=\count383
\c@origlanguage=\count384
\c@savedoriglanguage=\count385
\c@pageref=\count386
\c@savedpageref=\count387
\shorthandwidth=\skip68
\shortjournalwidth=\skip69
\shortserieswidth=\skip70
\shorttitlewidth=\skip71
\shortauthorwidth=\skip72
\shorteditorwidth=\skip73
\locallabelnumberwidth=\skip74
\locallabelalphawidth=\skip75
\localshorthandwidth=\skip76
\localshortjournalwidth=\skip77
\localshortserieswidth=\skip78
\localshorttitlewidth=\skip79
\localshortauthorwidth=\skip80
\localshorteditorwidth=\skip81
Package biblatex Info: Trying to load enhanced support for Unicode engines...
Package biblatex Info: ... file 'blx-unicode.def' found.
(/Users/megansmac/Library/TinyTeX/texmf-dist/tex/latex/biblatex/blx-unicode.def)
Package biblatex Info: Trying to load compatibility code...
Package biblatex Info: ... file 'blx-compat.def' found.
(/Users/megansmac/Library/TinyTeX/texmf-dist/tex/latex/biblatex/blx-compat.def
File: blx-compat.def 2022/07/12 v3.18b biblatex compatibility (PK/MW)
)
Package biblatex Info: Trying to load generic definitions...
Package biblatex Info: ... file 'biblatex.def' found.
(/Users/megansmac/Library/TinyTeX/texmf-dist/tex/latex/biblatex/biblatex.def
File: biblatex.def 2022/07/12 v3.18b biblatex compatibility (PK/MW)
\c@textcitecount=\count388
\c@textcitetotal=\count389
\c@textcitemaxnames=\count390
\c@biburlbigbreakpenalty=\count391
\c@biburlbreakpenalty=\count392
\c@biburlnumpenalty=\count393
\c@biburlucpenalty=\count394
\c@biburllcpenalty=\count395
\biburlbigskip=\muskip17
\biburlnumskip=\muskip18
\biburlucskip=\muskip19
\biburllcskip=\muskip20
\c@smartand=\count396
)
Package biblatex Info: Trying to load bibliography style 'numeric'...
Package biblatex Info: ... file 'numeric.bbx' found.
(/Users/megansmac/Library/TinyTeX/texmf-dist/tex/latex/biblatex/bbx/numeric.bbx
File: numeric.bbx 2022/07/12 v3.18b biblatex bibliography style (PK/MW)
Package biblatex Info: Trying to load bibliography style 'standard'...
Package biblatex Info: ... file 'standard.bbx' found.
(/Users/megansmac/Library/TinyTeX/texmf-dist/tex/latex/biblatex/bbx/standard.bbx
File: standard.bbx 2022/07/12 v3.18b biblatex bibliography style (PK/MW)
\c@bbx:relatedcount=\count397
\c@bbx:relatedtotal=\count398
))
Package biblatex Info: Trying to load citation style 'numeric'...
Package biblatex Info: ... file 'numeric.cbx' found.
(/Users/megansmac/Library/TinyTeX/texmf-dist/tex/latex/biblatex/cbx/numeric.cbx
File: numeric.cbx 2022/07/12 v3.18b biblatex citation style (PK/MW)
Package biblatex Info: Redefining '\cite'.
Package biblatex Info: Redefining '\parencite'.
Package biblatex Info: Redefining '\footcite'.
Package biblatex Info: Redefining '\footcitetext'.
Package biblatex Info: Redefining '\smartcite'.
Package biblatex Info: Redefining '\supercite'.
Package biblatex Info: Redefining '\textcite'.
Package biblatex Info: Redefining '\textcites'.
Package biblatex Info: Redefining '\cites'.
Package biblatex Info: Redefining '\parencites'.
Package biblatex Info: Redefining '\smartcites'.
)
Package biblatex Info: Trying to load configuration file...
Package biblatex Info: ... file 'biblatex.cfg' found.
(/Users/megansmac/Library/TinyTeX/texmf-dist/tex/latex/biblatex/biblatex.cfg
File: biblatex.cfg 
)
Package biblatex Info: XeTeX detected.
(biblatex)             Assuming input encoding 'utf8'.
Package biblatex Info: Document encoding is UTF8 ....
(/Users/megansmac/Library/TinyTeX/texmf-dist/tex/latex/l3kernel/expl3.sty
Package: expl3 2022-11-02 L3 programming layer (loader) 
(/Users/megansmac/Library/TinyTeX/texmf-dist/tex/latex/l3backend/l3backend-xetex.def
File: l3backend-xetex.def 2022-10-26 L3 backend support: XeTeX
\g__graphics_track_int=\count399
\l__pdf_internal_box=\box60
\g__pdf_backend_object_int=\count400
\g__pdf_backend_annotation_int=\count401
\g__pdf_backend_link_int=\count402
))
Package biblatex Info: ... and expl3
(biblatex)             2022-11-02 L3 programming layer (loader) 
(biblatex)             is new enough (at least 2020/04/06),
(biblatex)             setting 'casechanger=expl3'.
(/Users/megansmac/Library/TinyTeX/texmf-dist/tex/latex/biblatex/blx-case-expl3.sty (/Users/megansmac/Library/TinyTeX/texmf-dist/tex/latex/l3packages/xparse/xparse.sty
Package: xparse 2022-06-22 L3 Experimental document command parser
)
Package: blx-case-expl3 2022/07/12 v3.18b expl3 case changing code for biblatex
)) (/Users/megansmac/Library/TinyTeX/texmf-dist/tex/latex/amsfonts/amssymb.sty
Package: amssymb 2013/01/14 v3.01 AMS font symbols
(/Users/megansmac/Library/TinyTeX/texmf-dist/tex/latex/amsfonts/amsfonts.sty
Package: amsfonts 2013/01/14 v3.01 Basic AMSFonts support
\@emptytoks=\toks20
\symAMSa=\mathgroup5
\symAMSb=\mathgroup6
LaTeX Font Info:    Redeclaring math symbol \hbar on input line 98.
LaTeX Font Info:    Overwriting math alphabet `\mathfrak' in version `bold'
(Font)                  U/euf/m/n --> U/euf/b/n on input line 106.
)) (/Users/megansmac/Library/TinyTeX/texmf-dist/tex/latex/amsmath/amsmath.sty
Package: amsmath 2022/04/08 v2.17n AMS math features
\@mathmargin=\skip82
For additional information on amsmath, use the `?' option.
(/Users/megansmac/Library/TinyTeX/texmf-dist/tex/latex/amsmath/amstext.sty
Package: amstext 2021/08/26 v2.01 AMS text
(/Users/megansmac/Library/TinyTeX/texmf-dist/tex/latex/amsmath/amsgen.sty
File: amsgen.sty 1999/11/30 v2.0 generic functions
\@emptytoks=\toks21
\ex@=\dimen167
)) (/Users/megansmac/Library/TinyTeX/texmf-dist/tex/latex/amsmath/amsbsy.sty
Package: amsbsy 1999/11/29 v1.2d Bold Symbols
\pmbraise@=\dimen168
) (/Users/megansmac/Library/TinyTeX/texmf-dist/tex/latex/amsmath/amsopn.sty
Package: amsopn 2022/04/08 v2.04 operator names
)
\inf@bad=\count403
LaTeX Info: Redefining \frac on input line 234.
\uproot@=\count404
\leftroot@=\count405
LaTeX Info: Redefining \overline on input line 399.
LaTeX Info: Redefining \colon on input line 410.
\classnum@=\count406
\DOTSCASE@=\count407
LaTeX Info: Redefining \ldots on input line 496.
LaTeX Info: Redefining \dots on input line 499.
LaTeX Info: Redefining \cdots on input line 620.
\Mathstrutbox@=\box61
\strutbox@=\box62
LaTeX Info: Redefining \big on input line 722.
LaTeX Info: Redefining \Big on input line 723.
LaTeX Info: Redefining \bigg on input line 724.
LaTeX Info: Redefining \Bigg on input line 725.
\big@size=\dimen169
LaTeX Font Info:    Redeclaring font encoding OML on input line 743.
LaTeX Font Info:    Redeclaring font encoding OMS on input line 744.
\macc@depth=\count408
LaTeX Info: Redefining \bmod on input line 905.
LaTeX Info: Redefining \pmod on input line 910.
LaTeX Info: Redefining \smash on input line 940.
LaTeX Info: Redefining \relbar on input line 970.
LaTeX Info: Redefining \Relbar on input line 971.
\c@MaxMatrixCols=\count409
\dotsspace@=\muskip21
\c@parentequation=\count410
\dspbrk@lvl=\count411
\tag@help=\toks22
\row@=\count412
\column@=\count413
\maxfields@=\count414
\andhelp@=\toks23
\eqnshift@=\dimen170
\alignsep@=\dimen171
\tagshift@=\dimen172
\tagwidth@=\dimen173
\totwidth@=\dimen174
\lineht@=\dimen175
\@envbody=\toks24
\multlinegap=\skip83
\multlinetaggap=\skip84
\mathdisplay@stack=\toks25
LaTeX Info: Redefining \[ on input line 2953.
LaTeX Info: Redefining \] on input line 2954.
) (/Users/megansmac/Library/TinyTeX/texmf-dist/tex/generic/iftex/ifxetex.sty
Package: ifxetex 2019/10/25 v0.7 ifxetex legacy package. Use iftex instead.
) (/Users/megansmac/Library/TinyTeX/texmf-dist/tex/generic/iftex/ifluatex.sty
Package: ifluatex 2019/10/25 v1.5 ifluatex legacy package. Use iftex instead.
) (/Users/megansmac/Library/TinyTeX/texmf-dist/tex/latex/fontspec/fontspec.sty
Package: fontspec 2022/01/15 v2.8a Font selection for XeLaTeX and LuaLaTeX
(/Users/megansmac/Library/TinyTeX/texmf-dist/tex/latex/fontspec/fontspec-xetex.sty
Package: fontspec-xetex 2022/01/15 v2.8a Font selection for XeLaTeX and LuaLaTeX
\l__fontspec_script_int=\count415
\l__fontspec_language_int=\count416
\l__fontspec_strnum_int=\count417
\l__fontspec_tmp_int=\count418
\l__fontspec_tmpa_int=\count419
\l__fontspec_tmpb_int=\count420
\l__fontspec_tmpc_int=\count421
\l__fontspec_em_int=\count422
\l__fontspec_emdef_int=\count423
\l__fontspec_strong_int=\count424
\l__fontspec_strongdef_int=\count425
\l__fontspec_tmpa_dim=\dimen176
\l__fontspec_tmpb_dim=\dimen177
\l__fontspec_tmpc_dim=\dimen178
(/Users/megansmac/Library/TinyTeX/texmf-dist/tex/latex/base/fontenc.sty
Package: fontenc 2021/04/29 v2.0v Standard LaTeX package
) (/Users/megansmac/Library/TinyTeX/texmf-dist/tex/latex/fontspec/fontspec.cfg))) (/Users/megansmac/Library/TinyTeX/texmf-dist/tex/xelatex/xltxtra/xltxtra.sty
Package: xltxtra 2018/12/31 v0.7 Improvements for the "XeLaTeX" format
(/Users/megansmac/Library/TinyTeX/texmf-dist/tex/latex/realscripts/realscripts.sty
Package: realscripts 2016/02/13 v0.3d Access OpenType subscripts and superscripts
\subsupersep=\dimen179
) (/Users/megansmac/Library/TinyTeX/texmf-dist/tex/latex/metalogo/metalogo.sty
Package: metalogo 2010/05/29 v0.12 Extended TeX logo macros
\xl@everylogo=\toks26
\xl@@everylogo=\toks27
LaTeX Info: Redefining \TeX on input line 193.
LaTeX Info: Redefining \LaTeX on input line 202.
LaTeX Info: Redefining \LaTeXe on input line 219.
)
\l__xetex_show_hyphens_wrapping_box=\box63
\l__xetex_show_hyphens_temp_box=\box64
\l__xetex_show_hyphens_final_box=\box65
\g__xetex_show_hyphens_word_box=\box66
) (/Users/megansmac/Library/TinyTeX/texmf-dist/tex/xelatex/xunicode/xunicode.sty
File: xunicode.sty 2011/09/09 v0.981 provides access to latin accents and many other characters in Unicode lower plane
(/Users/megansmac/Library/TinyTeX/texmf-dist/tex/latex/tipa/t3enc.def
File: t3enc.def 2001/12/31 T3 encoding
)
\tipaTiiicode=\count426
\tipasavetokens=\toks28
\tipachecktokens=\toks29
) (/Users/megansmac/Library/TinyTeX/texmf-dist/tex/latex/fancyvrb/fancyvrb.sty
Package: fancyvrb 2022/06/06 4.5 verbatim text (tvz,hv)
\FV@CodeLineNo=\count427
\FV@InFile=\read3
\FV@TabBox=\box67
\c@FancyVerbLine=\count428
\FV@StepNumber=\count429
\FV@OutFile=\write5
) (/Users/megansmac/Library/TinyTeX/texmf-dist/tex/latex/hyperref/hyperref.sty
Package: hyperref 2022-11-13 v7.00u Hypertext links for LaTeX
(/Users/megansmac/Library/TinyTeX/texmf-dist/tex/generic/kvdefinekeys/kvdefinekeys.sty
Package: kvdefinekeys 2019-12-19 v1.6 Define keys (HO)
) (/Users/megansmac/Library/TinyTeX/texmf-dist/tex/generic/pdfescape/pdfescape.sty
Package: pdfescape 2019/12/09 v1.15 Implements pdfTeX's escape features (HO)
) (/Users/megansmac/Library/TinyTeX/texmf-dist/tex/latex/hycolor/hycolor.sty
Package: hycolor 2020-01-27 v1.10 Color options for hyperref/bookmark (HO)
) (/Users/megansmac/Library/TinyTeX/texmf-dist/tex/latex/letltxmacro/letltxmacro.sty
Package: letltxmacro 2019/12/03 v1.6 Let assignment for LaTeX macros (HO)
) (/Users/megansmac/Library/TinyTeX/texmf-dist/tex/latex/auxhook/auxhook.sty
Package: auxhook 2019-12-17 v1.6 Hooks for auxiliary files (HO)
) (/Users/megansmac/Library/TinyTeX/texmf-dist/tex/latex/hyperref/nameref.sty
Package: nameref 2022-05-17 v2.50 Cross-referencing by name of section
(/Users/megansmac/Library/TinyTeX/texmf-dist/tex/latex/refcount/refcount.sty
Package: refcount 2019/12/15 v3.6 Data extraction from label references (HO)
) (/Users/megansmac/Library/TinyTeX/texmf-dist/tex/generic/gettitlestring/gettitlestring.sty
Package: gettitlestring 2019/12/15 v1.6 Cleanup title references (HO)
)
\c@section@level=\count430
)
\@linkdim=\dimen180
\Hy@linkcounter=\count431
\Hy@pagecounter=\count432
(/Users/megansmac/Library/TinyTeX/texmf-dist/tex/latex/hyperref/pd1enc.def
File: pd1enc.def 2022-11-13 v7.00u Hyperref: PDFDocEncoding definition (HO)
) (/Users/megansmac/Library/TinyTeX/texmf-dist/tex/generic/intcalc/intcalc.sty
Package: intcalc 2019/12/15 v1.3 Expandable calculations with integers (HO)
) (/Users/megansmac/Library/TinyTeX/texmf-dist/tex/generic/etexcmds/etexcmds.sty
Package: etexcmds 2019/12/15 v1.7 Avoid name clashes with e-TeX commands (HO)
)
\Hy@SavedSpaceFactor=\count433
(/Users/megansmac/Library/TinyTeX/texmf-dist/tex/latex/hyperref/puenc.def
File: puenc.def 2022-11-13 v7.00u Hyperref: PDF Unicode definition (HO)
(/Users/megansmac/Library/TinyTeX/texmf-dist/tex/latex/hyperref/puenc-greekbasic.def
File: puenc-greekbasic.def 2022-11-13 v7.00u Hyperref: PDF Unicode definition (greek block) (HO)
))
Package hyperref Info: Option `setpagesize' set `false' on input line 4045.
Package hyperref Info: Option `unicode' set `false' on input line 4045.
Package hyperref Info: Option `colorlinks' set `true' on input line 4045.
Package hyperref Info: Hyper figures OFF on input line 4162.
Package hyperref Info: Link nesting OFF on input line 4167.
Package hyperref Info: Hyper index ON on input line 4170.
Package hyperref Info: Plain pages OFF on input line 4177.
Package hyperref Info: Backreferencing OFF on input line 4182.
Package hyperref Info: Implicit mode ON; LaTeX internals redefined.
Package hyperref Info: Bookmarks ON on input line 4410.
\c@Hy@tempcnt=\count434
LaTeX Info: Redefining \url on input line 4748.
\XeTeXLinkMargin=\dimen181
(/Users/megansmac/Library/TinyTeX/texmf-dist/tex/generic/bitset/bitset.sty
Package: bitset 2019/12/09 v1.3 Handle bit-vector datatype (HO)
(/Users/megansmac/Library/TinyTeX/texmf-dist/tex/generic/bigintcalc/bigintcalc.sty
Package: bigintcalc 2019/12/15 v1.5 Expandable calculations on big integers (HO)
))
\Fld@menulength=\count435
\Field@Width=\dimen182
\Fld@charsize=\dimen183
Package hyperref Info: Hyper figures OFF on input line 6027.
Package hyperref Info: Link nesting OFF on input line 6032.
Package hyperref Info: Hyper index ON on input line 6035.
Package hyperref Info: backreferencing OFF on input line 6042.
Package hyperref Info: Link coloring ON on input line 6045.
Package hyperref Info: Link coloring with OCG OFF on input line 6052.
Package hyperref Info: PDF/A mode OFF on input line 6057.
(/Users/megansmac/Library/TinyTeX/texmf-dist/tex/latex/base/atbegshi-ltx.sty
Package: atbegshi-ltx 2021/01/10 v1.0c Emulation of the original atbegshi
package with kernel methods
)
\Hy@abspage=\count436
\c@Item=\count437
\c@Hfootnote=\count438
)
Package hyperref Info: Driver: hxetex.
(/Users/megansmac/Library/TinyTeX/texmf-dist/tex/latex/hyperref/hxetex.def
File: hxetex.def 2022-11-13 v7.00u Hyperref driver for XeTeX
(/Users/megansmac/Library/TinyTeX/texmf-dist/tex/generic/stringenc/stringenc.sty
Package: stringenc 2019/11/29 v1.12 Convert strings between diff. encodings (HO)
)
\pdfm@box=\box68
\c@Hy@AnnotLevel=\count439
\HyField@AnnotCount=\count440
\Fld@listcount=\count441
\c@bookmark@seq@number=\count442
(/Users/megansmac/Library/TinyTeX/texmf-dist/tex/latex/rerunfilecheck/rerunfilecheck.sty
Package: rerunfilecheck 2022-07-10 v1.10 Rerun checks for auxiliary files (HO)
(/Users/megansmac/Library/TinyTeX/texmf-dist/tex/latex/base/atveryend-ltx.sty
Package: atveryend-ltx 2020/08/19 v1.0a Emulation of the original atveryend package
with kernel methods
) (/Users/megansmac/Library/TinyTeX/texmf-dist/tex/generic/uniquecounter/uniquecounter.sty
Package: uniquecounter 2019/12/15 v1.4 Provide unlimited unique counter (HO)
)
Package uniquecounter Info: New unique counter `rerunfilecheck' on input line 285.
)
\Hy@SectionHShift=\skip85
)
Package hyperref Info: Option `breaklinks' set `true' on input line 149.
\@quotelevel=\count443
\@quotereset=\count444
(./Dissertation_Feddern.aux

LaTeX Warning: Label `eq:linsex' multiply defined.


LaTeX Warning: Label `eq:linsex' multiply defined.


LaTeX Warning: Label `eq:nine' multiply defined.

)
\openout1 = `Dissertation_Feddern.aux'.

LaTeX Font Info:    Checking defaults for OML/cmm/m/it on input line 155.
LaTeX Font Info:    ... okay on input line 155.
LaTeX Font Info:    Checking defaults for OMS/cmsy/m/n on input line 155.
LaTeX Font Info:    ... okay on input line 155.
LaTeX Font Info:    Checking defaults for OT1/cmr/m/n on input line 155.
LaTeX Font Info:    ... okay on input line 155.
LaTeX Font Info:    Checking defaults for T1/cmr/m/n on input line 155.
LaTeX Font Info:    ... okay on input line 155.
LaTeX Font Info:    Checking defaults for TS1/cmr/m/n on input line 155.
LaTeX Font Info:    Trying to load font information for TS1+cmr on input line 155.
(/Users/megansmac/Library/TinyTeX/texmf-dist/tex/latex/base/ts1cmr.fd
File: ts1cmr.fd 2022/07/10 v2.5l Standard LaTeX font definitions
)
LaTeX Font Info:    ... okay on input line 155.
LaTeX Font Info:    Checking defaults for TU/lmr/m/n on input line 155.
LaTeX Font Info:    ... okay on input line 155.
LaTeX Font Info:    Checking defaults for OMX/cmex/m/n on input line 155.
LaTeX Font Info:    ... okay on input line 155.
LaTeX Font Info:    Checking defaults for U/cmr/m/n on input line 155.
LaTeX Font Info:    ... okay on input line 155.
LaTeX Font Info:    Checking defaults for T3/cmr/m/n on input line 155.
LaTeX Font Info:    Trying to load font information for T3+cmr on input line 155.
(/Users/megansmac/Library/TinyTeX/texmf-dist/tex/latex/tipa/t3cmr.fd
File: t3cmr.fd 2001/12/31 TIPA font definitions
)
LaTeX Font Info:    ... okay on input line 155.
LaTeX Font Info:    Checking defaults for PD1/pdf/m/n on input line 155.
LaTeX Font Info:    ... okay on input line 155.
LaTeX Font Info:    Checking defaults for PU/pdf/m/n on input line 155.
LaTeX Font Info:    ... okay on input line 155.
Package biblatex Info: Trying to load language 'english'...
Package biblatex Info: ... file 'english.lbx' found.
(/Users/megansmac/Library/TinyTeX/texmf-dist/tex/latex/biblatex/lbx/english.lbx
File: english.lbx 2022/07/12 v3.18b biblatex localization (PK/MW)
)
Package biblatex Info: XeTeX detected.
(biblatex)             Assuming input encoding 'utf8'.
Package biblatex Info: Automatic encoding selection.
(biblatex)             Assuming data encoding 'utf8'.
\openout4 = `Dissertation_Feddern.bcf'.

Package biblatex Info: Trying to load bibliographic data...
Package biblatex Info: ... file 'Dissertation_Feddern.bbl' not found.
No file Dissertation_Feddern.bbl.
Package biblatex Info: Reference section=0 on input line 155.
Package biblatex Info: Reference segment=0 on input line 155.

Package fontspec Info: Adjusting the maths setup (use [no-math] to avoid
(fontspec)             this).

\symlegacymaths=\mathgroup7
LaTeX Font Info:    Overwriting symbol font `legacymaths' in version `bold'
(Font)                  OT1/cmr/m/n --> OT1/cmr/bx/n on input line 155.
LaTeX Font Info:    Redeclaring math accent \acute on input line 155.
LaTeX Font Info:    Redeclaring math accent \grave on input line 155.
LaTeX Font Info:    Redeclaring math accent \ddot on input line 155.
LaTeX Font Info:    Redeclaring math accent \tilde on input line 155.
LaTeX Font Info:    Redeclaring math accent \bar on input line 155.
LaTeX Font Info:    Redeclaring math accent \breve on input line 155.
LaTeX Font Info:    Redeclaring math accent \check on input line 155.
LaTeX Font Info:    Redeclaring math accent \hat on input line 155.
LaTeX Font Info:    Redeclaring math accent \dot on input line 155.
LaTeX Font Info:    Redeclaring math accent \mathring on input line 155.
LaTeX Font Info:    Redeclaring math symbol \Gamma on input line 155.
LaTeX Font Info:    Redeclaring math symbol \Delta on input line 155.
LaTeX Font Info:    Redeclaring math symbol \Theta on input line 155.
LaTeX Font Info:    Redeclaring math symbol \Lambda on input line 155.
LaTeX Font Info:    Redeclaring math symbol \Xi on input line 155.
LaTeX Font Info:    Redeclaring math symbol \Pi on input line 155.
LaTeX Font Info:    Redeclaring math symbol \Sigma on input line 155.
LaTeX Font Info:    Redeclaring math symbol \Upsilon on input line 155.
LaTeX Font Info:    Redeclaring math symbol \Phi on input line 155.
LaTeX Font Info:    Redeclaring math symbol \Psi on input line 155.
LaTeX Font Info:    Redeclaring math symbol \Omega on input line 155.
LaTeX Font Info:    Redeclaring math symbol \mathdollar on input line 155.
LaTeX Font Info:    Redeclaring symbol font `operators' on input line 155.
LaTeX Font Info:    Encoding `OT1' has changed to `TU' for symbol font
(Font)              `operators' in the math version `normal' on input line 155.
LaTeX Font Info:    Overwriting symbol font `operators' in version `normal'
(Font)                  OT1/cmr/m/n --> TU/lmr/m/n on input line 155.
LaTeX Font Info:    Encoding `OT1' has changed to `TU' for symbol font
(Font)              `operators' in the math version `bold' on input line 155.
LaTeX Font Info:    Overwriting symbol font `operators' in version `bold'
(Font)                  OT1/cmr/bx/n --> TU/lmr/m/n on input line 155.
LaTeX Font Info:    Overwriting symbol font `operators' in version `normal'
(Font)                  TU/lmr/m/n --> TU/lmr/m/n on input line 155.
LaTeX Font Info:    Overwriting math alphabet `\mathit' in version `normal'
(Font)                  OT1/cmr/m/it --> TU/lmr/m/it on input line 155.
LaTeX Font Info:    Overwriting math alphabet `\mathbf' in version `normal'
(Font)                  OT1/cmr/bx/n --> TU/lmr/b/n on input line 155.
LaTeX Font Info:    Overwriting math alphabet `\mathsf' in version `normal'
(Font)                  OT1/cmss/m/n --> TU/lmss/m/n on input line 155.
LaTeX Font Info:    Overwriting math alphabet `\mathtt' in version `normal'
(Font)                  OT1/cmtt/m/n --> TU/lmtt/m/n on input line 155.
LaTeX Font Info:    Overwriting symbol font `operators' in version `bold'
(Font)                  TU/lmr/m/n --> TU/lmr/b/n on input line 155.
LaTeX Font Info:    Overwriting math alphabet `\mathit' in version `bold'
(Font)                  OT1/cmr/bx/it --> TU/lmr/b/it on input line 155.
LaTeX Font Info:    Overwriting math alphabet `\mathsf' in version `bold'
(Font)                  OT1/cmss/bx/n --> TU/lmss/b/n on input line 155.
LaTeX Font Info:    Overwriting math alphabet `\mathtt' in version `bold'
(Font)                  OT1/cmtt/m/n --> TU/lmtt/b/n on input line 155.
Package hyperref Info: Link coloring ON on input line 155.
(./Dissertation_Feddern.out) (./Dissertation_Feddern.out)
\@outlinefile=\write6
\openout6 = `Dissertation_Feddern.out'.

(/Users/megansmac/Library/TinyTeX/texmf-dist/tex/generic/stringenc/se-ascii-print.def
File: se-ascii-print.def 2019/11/29 v1.12 stringenc: Printable ASCII characters
) [1

] [-1

] [0

]
Underfull \vbox (badness 10000) has occurred while \output is active []

[1] [2] (./Dissertation_Feddern.toc
LaTeX Font Info:    Trying to load font information for U+wasy on input line 1.
(/Users/megansmac/Library/TinyTeX/texmf-dist/tex/latex/wasysym/uwasy.fd
File: uwasy.fd 2020/01/19 v2.4 Wasy-2 symbol font definitions
)
LaTeX Font Info:    Trying to load font information for U+msa on input line 1.
(/Users/megansmac/Library/TinyTeX/texmf-dist/tex/latex/amsfonts/umsa.fd
File: umsa.fd 2013/01/14 v3.01 AMS symbols A
)
LaTeX Font Info:    Trying to load font information for U+msb on input line 1.
(/Users/megansmac/Library/TinyTeX/texmf-dist/tex/latex/amsfonts/umsb.fd
File: umsb.fd 2013/01/14 v3.01 AMS symbols B
) [1



] [2])
\tf@toc=\write7
\openout7 = `Dissertation_Feddern.toc'.

[3] (./Dissertation_Feddern.lof [4

] [5])
\tf@lof=\write8
\openout8 = `Dissertation_Feddern.lof'.

[6] (./Dissertation_Feddern.lot [7

])
\tf@lot=\write9
\openout9 = `Dissertation_Feddern.lot'.

[8] [9

] [10] [11

] [1



] [2] [3] [4]
<<1>>
[5

] [6]
Underfull \vbox (badness 3815) has occurred while \output is active []

[7]
Underfull \vbox (badness 10000) has occurred while \output is active []

[8] [9]
Underfull \vbox (badness 3815) has occurred while \output is active []

[10] [11]
Underfull \vbox (badness 10000) has occurred while \output is active []

[12] [13] [14] [15]
Underfull \vbox (badness 10000) has occurred while \output is active []

[16] [17]
Underfull \hbox (badness 10000) in paragraph at lines 1022--1038

 []


Underfull \vbox (badness 3815) has occurred while \output is active []

[18] [19]
Underfull \vbox (badness 10000) has occurred while \output is active []

[20]
Underfull \vbox (badness 10000) has occurred while \output is active []

[21]
Missing character: There is no  (U+F064) in font [lmroman12-regular]:mapping=tex-text;!

Underfull \vbox (badness 10000) has occurred while \output is active []

[22]
Underfull \vbox (badness 3815) has occurred while \output is active []

[23]
Underfull \vbox (badness 10000) has occurred while \output is active []

[24] [25] [26]
Missing character: There is no δ (U+03B4) in font [lmroman8-regular]:mapping=tex-text;!
Missing character: There is no δ (U+03B4) in font [lmroman8-regular]:mapping=tex-text;!
Missing character: There is no δ (U+03B4) in font [lmroman8-regular]:mapping=tex-text;!

Overfull \hbox (41.8091pt too wide) in alignment at lines 1371--1411
 [] [] [] [] 
 []

[27

] [28]
Missing character: There is no δ (U+03B4) in font [lmroman8-regular]:mapping=tex-text;!
Missing character: There is no δ (U+03B4) in font [lmroman8-regular]:mapping=tex-text;!
Missing character: There is no δ (U+03B4) in font [lmroman8-regular]:mapping=tex-text;!

Overfull \hbox (61.20624pt too wide) in alignment at lines 1417--1438
 [] [] [] [] [] [] [] [] [] [] [] 
 []

[29


]
File: figure/Ch1/fig1.1.pdf Graphic file (type pdf)
<use figure/Ch1/fig1.1.pdf>

Overfull \hbox (3.30663pt too wide) in paragraph at lines 1454--1455
[][] 
 []

[30


]
File: figure/Ch1/Figure2_Feddernetal.pdf Graphic file (type pdf)
<use figure/Ch1/Figure2_Feddernetal.pdf>
[31

]
File: figure/Ch1/Figure3_Feddernetal.pdf Graphic file (type pdf)
<use figure/Ch1/Figure3_Feddernetal.pdf>
[32

]
File: figure/Ch1/ch1residuals.pdf Graphic file (type pdf)
<use figure/Ch1/ch1residuals.pdf>

LaTeX Warning: `h' float specifier changed to `ht'.

[33

] [34]
<<2>>
[35

] [36]
Underfull \vbox (badness 3815) has occurred while \output is active []

[37]
Underfull \vbox (badness 10000) has occurred while \output is active []

[38]
Underfull \vbox (badness 10000) has occurred while \output is active []

[39] [40]

LaTeX Warning: Command \textperthousand invalid in math mode on input line 1763.


LaTeX Warning: Command \textperthousand invalid in math mode on input line 1768.

[41]

LaTeX Font Warning: Font shape `U/wasy/b/n' in size <8> not available
(Font)              Font shape `U/wasy/m/n' tried instead on input line 1809.


LaTeX Font Warning: Font shape `U/wasy/b/n' in size <6> not available
(Font)              Font shape `U/wasy/m/n' tried instead on input line 1809.

[42] [43]
Underfull \vbox (badness 10000) has occurred while \output is active []

[44]
Missing character: There is no θ (U+03B8) in font [lmroman12-regular]:mapping=tex-text;!
[45]
Underfull \vbox (badness 3815) has occurred while \output is active []

[46] [47]
Missing character: There is no δ (U+03B4) in font [lmroman12-regular]:mapping=tex-text;!

Underfull \vbox (badness 3815) has occurred while \output is active []

[48]
Underfull \vbox (badness 3815) has occurred while \output is active []

[49] [50] [51]
Missing character: There is no δ (U+03B4) in font [lmroman12-regular]:mapping=tex-text;!
[52]
Underfull \vbox (badness 10000) has occurred while \output is active []

[53]
Underfull \vbox (badness 10000) has occurred while \output is active []

[54]
Underfull \vbox (badness 10000) has occurred while \output is active []

[55] [56]
Underfull \vbox (badness 10000) has occurred while \output is active []

[57] [58] [59

]
Overfull \hbox (43.29405pt too wide) in alignment at lines 2518--2535
 [] [] [] [] 
 []

[60


] [61] [62

] [63

] [64

] [65

]
File: figure/Ch2/Figure1.pdf Graphic file (type pdf)
<use figure/Ch2/Figure1.pdf>
[66

]
File: figure/Ch2/Fig2_Map.pdf Graphic file (type pdf)
<use figure/Ch2/Fig2_Map.pdf>
[67


]
File: figure/Ch2/Figure3_SexLocation.pdf Graphic file (type pdf)
<use figure/Ch2/Figure3_SexLocation.pdf>
[68

]
File: figure/Ch2/hiermod.pdf Graphic file (type pdf)
<use figure/Ch2/hiermod.pdf>
[69

]
File: figure/Ch2/Figure5_CoefPlot.pdf Graphic file (type pdf)
<use figure/Ch2/Figure5_CoefPlot.pdf>
[70

]
File: figure/Ch2/Figure6_AK.GDFA.pdf Graphic file (type pdf)
<use figure/Ch2/Figure6_AK.GDFA.pdf>

Underfull \hbox (badness 10000) in paragraph at lines 2671--2694

 []


LaTeX Warning: `h' float specifier changed to `ht'.

[71

] [72]
File: figure/Ch2/Figure7_WA.GDFA.pdf Graphic file (type pdf)
<use figure/Ch2/Figure7_WA.GDFA.pdf>

Underfull \hbox (badness 10000) in paragraph at lines 2696--2710

 []

[73

]
File: figure/Ch2/figures2.png Graphic file (type bmp)
<figure/Ch2/figures2.png>

Underfull \hbox (badness 10000) in paragraph at lines 2712--2723

 []

[74

]
File: figure/Ch2/FigureS2.pdf Graphic file (type pdf)
<use figure/Ch2/FigureS2.pdf>
[75

]
File: figure/Ch2/FigureS3.pdf Graphic file (type pdf)
<use figure/Ch2/FigureS3.pdf>
[76

]
File: figure/Ch2/FigureS4.pdf Graphic file (type pdf)
<use figure/Ch2/FigureS4.pdf>
[77

]
File: figure/Ch2/FigureS5.pdf Graphic file (type pdf)
<use figure/Ch2/FigureS5.pdf>
[78

]
File: figure/Ch2/FigureS6.pdf Graphic file (type pdf)
<use figure/Ch2/FigureS6.pdf>
[79

]
File: figure/Ch2/FigureS7.pdf Graphic file (type pdf)
<use figure/Ch2/FigureS7.pdf>
[80

]
File: figure/Ch2/FigureS8.pdf Graphic file (type pdf)
<use figure/Ch2/FigureS8.pdf>

Overfull \hbox (31.35918pt too wide) in paragraph at lines 2801--2802
 [][] 
 []

[81

]
<<3>>

Underfull \vbox (badness 10000) has occurred while \output is active []

[82

] [83]
Underfull \vbox (badness 3815) has occurred while \output is active []

[84]
Underfull \vbox (badness 3815) has occurred while \output is active []

[85] [86] [87] [88] [89] [90]
Underfull \vbox (badness 10000) has occurred while \output is active []

[91]
Underfull \vbox (badness 3189) has occurred while \output is active []

[92] [93] [94]
Underfull \vbox (badness 10000) has occurred while \output is active []

[95] [96]
Underfull \vbox (badness 3815) has occurred while \output is active []

[97] [98]
Overfull \hbox (1.32907pt too wide) in alignment at lines 3478--3491
 [] [] [] [] [] [] 
 []

[99

]
Overfull \hbox (34.47006pt too wide) in alignment at lines 3499--3512
 [] [] [] [] 
 []

[100


]
Overfull \hbox (44.02208pt too wide) in alignment at lines 3519--3530
 [] [] [] [] 
 []

[101

] [102] [103


] [104] [105

] [106

] [107

] [108

] [109

] [110

] [111

]
File: figure/Ch3/Figure1.pdf Graphic file (type pdf)
<use figure/Ch3/Figure1.pdf>
[112

]
File: figure/Ch3/FigureS6.pdf Graphic file (type pdf)
<use figure/Ch3/FigureS6.pdf>
[113

]
File: figure/Ch3/FigureS5.pdf Graphic file (type pdf)
<use figure/Ch3/FigureS5.pdf>
[114

]
File: figure/Ch3/FigureS4.pdf Graphic file (type pdf)
<use figure/Ch3/FigureS4.pdf>
[115

]
File: figure/Ch3/FigureS1.pdf Graphic file (type pdf)
<use figure/Ch3/FigureS1.pdf>
[116

]
File: figure/Ch3/FigureS7.pdf Graphic file (type pdf)
<use figure/Ch3/FigureS7.pdf>
[117


]
File: figure/Ch3/FigureS8.pdf Graphic file (type pdf)
<use figure/Ch3/FigureS8.pdf>
[118



]
File: figure/Ch3/Figure2.pdf Graphic file (type pdf)
<use figure/Ch3/Figure2.pdf>
[119


]
File: figure/Ch3/Figure3.pdf Graphic file (type pdf)
<use figure/Ch3/Figure3.pdf>
[120

]
File: figure/Ch3/FigureS2.pdf Graphic file (type pdf)
<use figure/Ch3/FigureS2.pdf>
[121

]
File: figure/Ch3/FigureS3.pdf Graphic file (type pdf)
<use figure/Ch3/FigureS3.pdf>
[122

]
<<4>>
[123


]
Underfull \vbox (badness 1490) has occurred while \output is active []

[124]
Underfull \vbox (badness 10000) has occurred while \output is active []

[125]
Underfull \vbox (badness 3815) has occurred while \output is active []

[126]
Underfull \vbox (badness 10000) has occurred while \output is active []

[127] [128]

LaTeX Warning: Command \textperthousand invalid in math mode on input line 4203.

[129] [130]
Missing character: There is no α ("3B1) in font cmmi8!
Missing character: There is no α ("3B1) in font cmmi8!
[131] [132]
Underfull \vbox (badness 3815) has occurred while \output is active []

[133] [134] [135] [136]
Underfull \vbox (badness 10000) has occurred while \output is active []

[137] [138]
Missing character: There is no β (U+03B2) in font [lmroman12-regular]:mapping=tex-text;!

Underfull \vbox (badness 10000) has occurred while \output is active []

[139] [140] [141

]
Overfull \hbox (10.17705pt too wide) in alignment at lines 4705--4718
 [] [] [] [] [] 
 []

[142

]
File: figure/Ch4/Figure1.pdf Graphic file (type pdf)
<use figure/Ch4/Figure1.pdf>
[143

]
File: figure/Ch4/Figure2.pdf Graphic file (type pdf)
<use figure/Ch4/Figure2.pdf>
[144


]
File: figure/Ch4/Figure3.pdf Graphic file (type pdf)
<use figure/Ch4/Figure3.pdf>

LaTeX Warning: Float too large for page by 13.10599pt on input line 4763.


LaTeX Warning: `h' float specifier changed to `ht'.

[145


] [146]
File: figure/Ch4/Figure4.pdf Graphic file (type pdf)
<use figure/Ch4/Figure4.pdf>

Underfull \hbox (badness 10000) in paragraph at lines 4766--4779

 []

[147

]
File: figure/Ch4/Figure5.pdf Graphic file (type pdf)
<use figure/Ch4/Figure5.pdf>
[148

]
File: figure/Ch4/Figure6.pdf Graphic file (type pdf)
<use figure/Ch4/Figure6.pdf>
[149

]
<<5>>
[150


] [151] [152

]
Underfull \vbox (badness 10000) has occurred while \output is active []

[153]
Underfull \vbox (badness 3815) has occurred while \output is active []

[154] [155] [156] [157] [158]
Missing character: There is no δ (U+03B4) in font [lmroman12-regular]:mapping=tex-text;!
[159]
Underfull \vbox (badness 10000) has occurred while \output is active []

[160] [161] [162] [163]
Underfull \vbox (badness 3815) has occurred while \output is active []

[164] [165] [166] [167]
Underfull \vbox (badness 10000) has occurred while \output is active []

[168]
Underfull \vbox (badness 3815) has occurred while \output is active []

[169]
Underfull \vbox (badness 10000) has occurred while \output is active []

[170]
Underfull \vbox (badness 3815) has occurred while \output is active []

[171]
Underfull \vbox (badness 3815) has occurred while \output is active []

[172]
Underfull \vbox (badness 3815) has occurred while \output is active []

[173] [174] [175

] [176

] [177

] [178

] [179

]
File: figure/Ch5/Figure1.pdf Graphic file (type pdf)
<use figure/Ch5/Figure1.pdf>
[180

]
File: figure/Ch5/Figure2.pdf Graphic file (type pdf)
<use figure/Ch5/Figure2.pdf>
[181


]
File: figure/Ch5/Figure3.pdf Graphic file (type pdf)
<use figure/Ch5/Figure3.pdf>
[182

]
File: figure/Ch5/Figure4.pdf Graphic file (type pdf)
<use figure/Ch5/Figure4.pdf>

Underfull \hbox (badness 10000) in paragraph at lines 5944--5956

 []

[183

]
File: figure/Ch5/Figure5.pdf Graphic file (type pdf)
<use figure/Ch5/Figure5.pdf>
[184

]
File: figure/Ch5/Figure6.pdf Graphic file (type pdf)
<use figure/Ch5/Figure6.pdf>
[185

]
File: figure/Ch5/Figure7.pdf Graphic file (type pdf)
<use figure/Ch5/Figure7.pdf>
[186

]
File: figure/Ch5/Figure8.pdf Graphic file (type pdf)
<use figure/Ch5/Figure8.pdf>
[187

]
File: figure/Ch5/Figure9.pdf Graphic file (type pdf)
<use figure/Ch5/Figure9.pdf>
[188

]
File: figure/Ch5/Figure10.pdf Graphic file (type pdf)
<use figure/Ch5/Figure10.pdf>
[189

]
File: figure/Ch5/Figure11.pdf Graphic file (type pdf)
<use figure/Ch5/Figure11.pdf>
[190

]
File: figure/Ch5/Figure12.pdf Graphic file (type pdf)
<use figure/Ch5/Figure12.pdf>
[191

] [192


]
Underfull \vbox (badness 10000) has occurred while \output is active []

[193]
Underfull \vbox (badness 10000) has occurred while \output is active []

[194]
Underfull \vbox (badness 10000) has occurred while \output is active []

[195] [196]
<<A>>
[197

]
Underfull \vbox (badness 1622) has occurred while \output is active []

[198] [199] [200] [201]
Underfull \vbox (badness 10000) has occurred while \output is active []

[202] [203] [204]
Overfull \hbox (11.7445pt too wide) in paragraph at lines 6657--6657
[]\TU/lmtt/m/n/12 - Session info ---------------------------------------------------------------[] 
 []

[205

]
Overfull \hbox (11.74449pt too wide) in paragraph at lines 6657--6657
[]\TU/lmtt/m/n/12 - Packages -------------------------------------------------------------------[] 
 []


Underfull \vbox (badness 10000) has occurred while \output is active []

[206]
Underfull \vbox (badness 10000) has occurred while \output is active []

[207] [208] [209


]
Underfull \vbox (badness 10000) has occurred while \output is active []

[210]
Underfull \vbox (badness 10000) has occurred while \output is active []

[211]
Underfull \vbox (badness 10000) has occurred while \output is active []

[212]
Underfull \vbox (badness 10000) has occurred while \output is active []

[213]
Underfull \vbox (badness 10000) has occurred while \output is active []

[214]
Underfull \hbox (badness 1052) in paragraph at lines 6948--6954
 \TU/lmr/m/n/12 … Ohkouchi, N. (2009). Determination of aquatic food‐web structure based on
 []


Underfull \hbox (badness 1158) in paragraph at lines 6948--6954
 \TU/lmr/m/n/12 compound‐specific nitrogen isotopic composition of amino acids. \TU/lmr/m/it/12 Limnology and
 []

Missing character: There is no δ (U+03B4) in font [lmroman12-regular]:mapping=tex-text;!
Missing character: There is no δ (U+03B4) in font [lmroman12-regular]:mapping=tex-text;!

Underfull \vbox (badness 10000) has occurred while \output is active []

[215]
Underfull \vbox (badness 10000) has occurred while \output is active []

[216]
Underfull \vbox (badness 10000) has occurred while \output is active []

[217]
Underfull \vbox (badness 10000) has occurred while \output is active []

[218]
Underfull \vbox (badness 10000) has occurred while \output is active []

[219]
Underfull \vbox (badness 10000) has occurred while \output is active []

[220]
Underfull \vbox (badness 10000) has occurred while \output is active []

[221]
Missing character: There is no δ (U+03B4) in font [lmroman12-regular]:mapping=tex-text;!
Missing character: There is no δ (U+03B4) in font [lmroman12-regular]:mapping=tex-text;!

Underfull \vbox (badness 10000) has occurred while \output is active []

[222]
Underfull \vbox (badness 10000) has occurred while \output is active []

[223]
Underfull \vbox (badness 10000) has occurred while \output is active []

[224]
Underfull \vbox (badness 10000) has occurred while \output is active []

[225]
Missing character: There is no δ (U+03B4) in font [lmroman12-regular]:mapping=tex-text;!
Missing character: There is no δ (U+03B4) in font [lmroman12-regular]:mapping=tex-text;!
Missing character: There is no δ (U+03B4) in font [lmroman12-regular]:mapping=tex-text;!

Underfull \vbox (badness 10000) has occurred while \output is active []

[226]
Underfull \vbox (badness 10000) has occurred while \output is active []

[227]
Underfull \vbox (badness 10000) has occurred while \output is active []

[228]
Missing character: There is no δ (U+03B4) in font [lmroman12-regular]:mapping=tex-text;!

Underfull \vbox (badness 10000) has occurred while \output is active []

[229]
Underfull \vbox (badness 10000) has occurred while \output is active []

[230]
Underfull \vbox (badness 10000) has occurred while \output is active []

[231]
Underfull \vbox (badness 10000) has occurred while \output is active []

[232]
Underfull \vbox (badness 10000) has occurred while \output is active []

[233]
Underfull \vbox (badness 10000) has occurred while \output is active []

[234]
Underfull \vbox (badness 10000) has occurred while \output is active []

[235]
Underfull \vbox (badness 10000) has occurred while \output is active []

[236]
Underfull \hbox (badness 1102) in paragraph at lines 7979--7983
 []\TU/lmr/m/n/12 Post, D. M. (2002). Using stable isotopes to estimate trophic position: Models,
 []


Underfull \vbox (badness 10000) has occurred while \output is active []

[237]
Missing character: There is no δ (U+03B4) in font [lmroman12-regular]:mapping=tex-text;!

Underfull \vbox (badness 10000) has occurred while \output is active []

[238]
Underfull \vbox (badness 10000) has occurred while \output is active []

[239]
Missing character: There is no δ (U+03B4) in font [lmroman12-regular]:mapping=tex-text;!

Underfull \hbox (badness 2426) in paragraph at lines 8155--8160
 \TU/lmr/m/n/12 diet in the western stock of steller sea lions (eumetopias jubatus). \TU/lmr/m/it/12 Journal
 []


Underfull \hbox (badness 1701) in paragraph at lines 8155--8160
 \TU/lmr/m/it/12 of Mammalogy\TU/lmr/m/n/12 , \TU/lmr/m/it/12 83\TU/lmr/m/n/12 (4), 973–990. Journal Article. [][]http://doi.org/10.1644/1545-
 []


Underfull \vbox (badness 10000) has occurred while \output is active []

[240]
Underfull \vbox (badness 10000) has occurred while \output is active []

[241]
Missing character: There is no δ (U+03B4) in font [lmroman12-regular]:mapping=tex-text;!

Underfull \vbox (badness 10000) has occurred while \output is active []

[242]
Underfull \vbox (badness 10000) has occurred while \output is active []

[243]
Underfull \vbox (badness 10000) has occurred while \output is active []

[244]
Missing character: There is no δ (U+03B4) in font [lmroman12-regular]:mapping=tex-text;!
Missing character: There is no δ (U+03B4) in font [lmroman12-regular]:mapping=tex-text;!
Missing character: There is no δ (U+03B4) in font [lmroman12-regular]:mapping=tex-text;!
Missing character: There is no δ (U+03B4) in font [lmroman12-regular]:mapping=tex-text;!

Underfull \vbox (badness 10000) has occurred while \output is active []

[245]
Missing character: There is no δ (U+03B4) in font [lmroman12-regular]:mapping=tex-text;!

Underfull \vbox (badness 10000) has occurred while \output is active []

[246]
Underfull \vbox (badness 10000) has occurred while \output is active []

[247]
Missing character: There is no δ (U+03B4) in font [lmroman12-regular]:mapping=tex-text;!
Missing character: There is no δ (U+03B4) in font [lmroman12-regular]:mapping=tex-text;!
Missing character: There is no δ (U+03B4) in font [lmroman12-regular]:mapping=tex-text;!
Missing character: There is no δ (U+03B4) in font [lmroman12-regular]:mapping=tex-text;!
Missing character: There is no δ (U+03B4) in font [lmroman12-regular]:mapping=tex-text;!
Missing character: There is no δ (U+03B4) in font [lmroman12-regular]:mapping=tex-text;!

Underfull \vbox (badness 10000) has occurred while \output is active []

[248] [249] (./Dissertation_Feddern.aux)

LaTeX Warning: There were multiply-defined labels.

Package rerunfilecheck Info: File `Dissertation_Feddern.out' has not changed.
(rerunfilecheck)             Checksum: A515C94C1A61BEE7DB1B5BF32261FFA6;3860.
Package logreq Info: Writing requests to 'Dissertation_Feddern.run.xml'.
\openout1 = `Dissertation_Feddern.run.xml'.

 ) 
Here is how much of TeX's memory you used:
 24227 strings out of 477640
 466032 string characters out of 5840331
 1251136 words of memory out of 5000000
 45037 multiletter control sequences out of 15000+600000
 478918 words of font info for 82 fonts, out of 8000000 for 9000
 15 hyphenation exceptions out of 8191
 70i,8n,76p,1165b,801s stack positions out of 10000i,1000n,20000p,200000b,200000s

Output written on Dissertation_Feddern.pdf (265 pages).
