This is XeTeX, Version 3.141592653-2.6-0.999993 (TeX Live 2021) (preloaded format=xelatex 2021.11.23)  23 NOV 2021 20:35
entering extended mode
 restricted \write18 enabled.
 %&-line parsing enabled.
**thesis.tex
(./thesis.tex
LaTeX2e <2021-11-15>
L3 programming layer <2021-11-22> (./uwthesis.cls
Document Class: uwthesis 2020/02/24
\tf@not=\write3
(/Users/megansmac/Library/TinyTeX/texmf-dist/tex/latex/base/book.cls
Document Class: book 2021/10/04 v1.4n Standard LaTeX document class
(/Users/megansmac/Library/TinyTeX/texmf-dist/tex/latex/base/bk12.clo
File: bk12.clo 2021/10/04 v1.4n Standard LaTeX file (size option)
)
\c@part=\count179
\c@chapter=\count180
\c@section=\count181
\c@subsection=\count182
\c@subsubsection=\count183
\c@paragraph=\count184
\c@subparagraph=\count185
\c@figure=\count186
\c@table=\count187
\abovecaptionskip=\skip47
\belowcaptionskip=\skip48
\bibindent=\dimen138
)
Formatting for ProQuest
\botmargin=\dimen139
\@@wholepage=\box50
\@Chair=\count188
\@Sign=\count189
\abs@savebox=\box51
)
\cslhangindent=\skip49
\c@theorem=\count190

(/Users/megansmac/Library/TinyTeX/texmf-dist/tex/latex/draftwatermark/draftwate
rmark.sty
Package: draftwatermark 2020/12/08 3.0 Put a gray textual watermark on document
 pages
(/Users/megansmac/Library/TinyTeX/texmf-dist/tex/latex/kvoptions/kvoptions.sty
Package: kvoptions 2020-10-07 v3.14 Key value format for package options (HO)
(/Users/megansmac/Library/TinyTeX/texmf-dist/tex/latex/graphics/keyval.sty
Package: keyval 2014/10/28 v1.15 key=value parser (DPC)
\KV@toks@=\toks16
) (/Users/megansmac/Library/TinyTeX/texmf-dist/tex/generic/ltxcmds/ltxcmds.sty
Package: ltxcmds 2020-05-10 v1.25 LaTeX kernel commands for general use (HO)
)
(/Users/megansmac/Library/TinyTeX/texmf-dist/tex/generic/kvsetkeys/kvsetkeys.st
y
Package: kvsetkeys 2019/12/15 v1.18 Key value parser (HO)
)) (/Users/megansmac/Library/TinyTeX/texmf-dist/tex/latex/graphics/graphicx.sty
Package: graphicx 2021/09/16 v1.2d Enhanced LaTeX Graphics (DPC,SPQR)
(/Users/megansmac/Library/TinyTeX/texmf-dist/tex/latex/graphics/graphics.sty
Package: graphics 2021/03/04 v1.4d Standard LaTeX Graphics (DPC,SPQR)
(/Users/megansmac/Library/TinyTeX/texmf-dist/tex/latex/graphics/trig.sty
Package: trig 2021/08/11 v1.11 sin cos tan (DPC)
)
(/Users/megansmac/Library/TinyTeX/texmf-dist/tex/latex/graphics-cfg/graphics.cf
g
File: graphics.cfg 2016/06/04 v1.11 sample graphics configuration
)
Package graphics Info: Driver file: xetex.def on input line 107.
(/Users/megansmac/Library/TinyTeX/texmf-dist/tex/latex/graphics-def/xetex.def
File: xetex.def 2021/03/18 v5.0k Graphics/color driver for xetex
))
\Gin@req@height=\dimen140
\Gin@req@width=\dimen141
) (/Users/megansmac/Library/TinyTeX/texmf-dist/tex/latex/graphics/color.sty
Package: color 2021/10/11 v1.3b Standard LaTeX Color (DPC)
(/Users/megansmac/Library/TinyTeX/texmf-dist/tex/latex/graphics-cfg/color.cfg
File: color.cfg 2016/01/02 v1.6 sample color configuration
)
Package color Info: Driver file: xetex.def on input line 149.
)) (/Users/megansmac/Library/TinyTeX/texmf-dist/tex/latex/wasysym/wasysym.sty
Package: wasysym 2020/01/19 v2.4 Wasy-2 symbol support package
\symwasy=\mathgroup4
LaTeX Font Info:    Overwriting symbol font `wasy' in version `bold'
(Font)                  U/wasy/m/n --> U/wasy/b/n on input line 93.
) (/Users/megansmac/Library/TinyTeX/texmf-dist/tex/latex/tools/calc.sty
Package: calc 2017/05/25 v4.3 Infix arithmetic (KKT,FJ)
\calc@Acount=\count191
\calc@Bcount=\count192
\calc@Adimen=\dimen142
\calc@Bdimen=\dimen143
\calc@Askip=\skip50
\calc@Bskip=\skip51
LaTeX Info: Redefining \setlength on input line 80.
LaTeX Info: Redefining \addtolength on input line 81.
\calc@Ccount=\count193
\calc@Cskip=\skip52
) (/Users/megansmac/Library/TinyTeX/texmf-dist/tex/latex/base/textcomp.sty
Package: textcomp 2020/02/02 v2.0n Standard LaTeX package
) (/Users/megansmac/Library/TinyTeX/texmf-dist/tex/latex/graphics/lscape.sty
Package: lscape 2020/05/28 v3.02 Landscape Pages (DPC)
) (/Users/megansmac/Library/TinyTeX/texmf-dist/tex/latex/tools/tabularx.sty
Package: tabularx 2020/01/15 v2.11c `tabularx' package (DPC)
(/Users/megansmac/Library/TinyTeX/texmf-dist/tex/latex/tools/array.sty
Package: array 2021/10/04 v2.5f Tabular extension package (FMi)
\col@sep=\dimen144
\ar@mcellbox=\box52
\extrarowheight=\dimen145
\NC@list=\toks17
\extratabsurround=\skip53
\backup@length=\skip54
\ar@cellbox=\box53
)
\TX@col@width=\dimen146
\TX@old@table=\dimen147
\TX@old@col=\dimen148
\TX@target=\dimen149
\TX@delta=\dimen150
\TX@cols=\count194
\TX@ftn=\toks18
) (/Users/megansmac/Library/TinyTeX/texmf-dist/tex/latex/etoolbox/etoolbox.sty
Package: etoolbox 2020/10/05 v2.5k e-TeX tools for LaTeX (JAW)
\etb@tempcnta=\count195
) (/Users/megansmac/Library/TinyTeX/texmf-dist/tex/latex/booktabs/booktabs.sty
Package: booktabs 2020/01/12 v1.61803398 Publication quality tables
\heavyrulewidth=\dimen151
\lightrulewidth=\dimen152
\cmidrulewidth=\dimen153
\belowrulesep=\dimen154
\belowbottomsep=\dimen155
\aboverulesep=\dimen156
\abovetopsep=\dimen157
\cmidrulesep=\dimen158
\cmidrulekern=\dimen159
\defaultaddspace=\dimen160
\@cmidla=\count196
\@cmidlb=\count197
\@aboverulesep=\dimen161
\@belowrulesep=\dimen162
\@thisruleclass=\count198
\@lastruleclass=\count199
\@thisrulewidth=\dimen163
) (/Users/megansmac/Library/TinyTeX/texmf-dist/tex/latex/tools/longtable.sty
Package: longtable 2021-09-01 v4.17 Multi-page Table package (DPC)
\LTleft=\skip55
\LTright=\skip56
\LTpre=\skip57
\LTpost=\skip58
\LTchunksize=\count266
\LTcapwidth=\dimen164
\LT@head=\box54
\LT@firsthead=\box55
\LT@foot=\box56
\LT@lastfoot=\box57
\LT@gbox=\box58
\LT@cols=\count267
\LT@rows=\count268
\c@LT@tables=\count269
\c@LT@chunks=\count270
\LT@p@ftn=\toks19
) (/Users/megansmac/Library/TinyTeX/texmf-dist/tex/latex/biblatex/biblatex.sty
Package: biblatex 2020/12/31 v3.16 programmable bibliographies (PK/MW)

(/Users/megansmac/Library/TinyTeX/texmf-dist/tex/generic/pdftexcmds/pdftexcmds.
sty
Package: pdftexcmds 2020-06-27 v0.33 Utility functions of pdfTeX for LuaTeX (HO
)

(/Users/megansmac/Library/TinyTeX/texmf-dist/tex/generic/infwarerr/infwarerr.st
y
Package: infwarerr 2019/12/03 v1.5 Providing info/warning/error messages (HO)
) (/Users/megansmac/Library/TinyTeX/texmf-dist/tex/generic/iftex/iftex.sty
Package: iftex 2020/03/06 v1.0d TeX engine tests
)
Package pdftexcmds Info: \pdf@primitive is available.
Package pdftexcmds Info: \pdf@ifprimitive is available.
Package pdftexcmds Info: \pdfdraftmode not found.
) (/Users/megansmac/Library/TinyTeX/texmf-dist/tex/latex/logreq/logreq.sty
Package: logreq 2010/08/04 v1.0 xml request logger
\lrq@indent=\count271
(/Users/megansmac/Library/TinyTeX/texmf-dist/tex/latex/logreq/logreq.def
File: logreq.def 2010/08/04 v1.0 logreq spec v1.0
)) (/Users/megansmac/Library/TinyTeX/texmf-dist/tex/latex/base/ifthen.sty
Package: ifthen 2020/11/24 v1.1c Standard LaTeX ifthen package (DPC)
) (/Users/megansmac/Library/TinyTeX/texmf-dist/tex/latex/url/url.sty
\Urlmuskip=\muskip16
Package: url 2013/09/16  ver 3.4  Verb mode for urls, etc.
)
\c@tabx@nest=\count272
\c@listtotal=\count273
\c@listcount=\count274
\c@liststart=\count275
\c@liststop=\count276
\c@citecount=\count277
\c@citetotal=\count278
\c@multicitecount=\count279
\c@multicitetotal=\count280
\c@instcount=\count281
\c@maxnames=\count282
\c@minnames=\count283
\c@maxitems=\count284
\c@minitems=\count285
\c@citecounter=\count286
\c@maxcitecounter=\count287
\c@savedcitecounter=\count288
\c@uniquelist=\count289
\c@uniquename=\count290
\c@refsection=\count291
\c@refsegment=\count292
\c@maxextratitle=\count293
\c@maxextratitleyear=\count294
\c@maxextraname=\count295
\c@maxextradate=\count296
\c@maxextraalpha=\count297
\c@abbrvpenalty=\count298
\c@highnamepenalty=\count299
\c@lownamepenalty=\count300
\c@maxparens=\count301
\c@parenlevel=\count302
\blx@tempcnta=\count303
\blx@tempcntb=\count304
\blx@tempcntc=\count305
\blx@maxsection=\count306
\blx@maxsegment@0=\count307
\blx@notetype=\count308
\blx@parenlevel@text=\count309
\blx@parenlevel@foot=\count310
\blx@sectionciteorder@0=\count311
\blx@entrysetcounter=\count312
\blx@biblioinstance=\count313
\labelnumberwidth=\skip59
\labelalphawidth=\skip60
\biblabelsep=\skip61
\bibitemsep=\skip62
\bibnamesep=\skip63
\bibinitsep=\skip64
\bibparsep=\skip65
\bibhang=\skip66
\blx@bcfin=\read2
\blx@bcfout=\write4
\blx@langwohyphens=\language3
\c@mincomprange=\count314
\c@maxcomprange=\count315
\c@mincompwidth=\count316
Package biblatex Info: Trying to load biblatex default data model...
Package biblatex Info: ... file 'blx-dm.def' found.
(/Users/megansmac/Library/TinyTeX/texmf-dist/tex/latex/biblatex/blx-dm.def
File: blx-dm.def 2020/12/31 v3.16 biblatex localization (PK/MW)
)
Package biblatex Info: Trying to load biblatex custom data model...
Package biblatex Info: ... file 'biblatex-dm.cfg' not found.
\c@afterword=\count317
\c@savedafterword=\count318
\c@annotator=\count319
\c@savedannotator=\count320
\c@author=\count321
\c@savedauthor=\count322
\c@bookauthor=\count323
\c@savedbookauthor=\count324
\c@commentator=\count325
\c@savedcommentator=\count326
\c@editor=\count327
\c@savededitor=\count328
\c@editora=\count329
\c@savededitora=\count330
\c@editorb=\count331
\c@savededitorb=\count332
\c@editorc=\count333
\c@savededitorc=\count334
\c@foreword=\count335
\c@savedforeword=\count336
\c@holder=\count337
\c@savedholder=\count338
\c@introduction=\count339
\c@savedintroduction=\count340
\c@namea=\count341
\c@savednamea=\count342
\c@nameb=\count343
\c@savednameb=\count344
\c@namec=\count345
\c@savednamec=\count346
\c@translator=\count347
\c@savedtranslator=\count348
\c@shortauthor=\count349
\c@savedshortauthor=\count350
\c@shorteditor=\count351
\c@savedshorteditor=\count352
\c@labelname=\count353
\c@savedlabelname=\count354
\c@institution=\count355
\c@savedinstitution=\count356
\c@lista=\count357
\c@savedlista=\count358
\c@listb=\count359
\c@savedlistb=\count360
\c@listc=\count361
\c@savedlistc=\count362
\c@listd=\count363
\c@savedlistd=\count364
\c@liste=\count365
\c@savedliste=\count366
\c@listf=\count367
\c@savedlistf=\count368
\c@location=\count369
\c@savedlocation=\count370
\c@organization=\count371
\c@savedorganization=\count372
\c@origlocation=\count373
\c@savedoriglocation=\count374
\c@origpublisher=\count375
\c@savedorigpublisher=\count376
\c@publisher=\count377
\c@savedpublisher=\count378
\c@language=\count379
\c@savedlanguage=\count380
\c@origlanguage=\count381
\c@savedoriglanguage=\count382
\c@pageref=\count383
\c@savedpageref=\count384
\shorthandwidth=\skip67
\shortjournalwidth=\skip68
\shortserieswidth=\skip69
\shorttitlewidth=\skip70
\shortauthorwidth=\skip71
\shorteditorwidth=\skip72
\locallabelnumberwidth=\skip73
\locallabelalphawidth=\skip74
\localshorthandwidth=\skip75
\localshortjournalwidth=\skip76
\localshortserieswidth=\skip77
\localshorttitlewidth=\skip78
\localshortauthorwidth=\skip79
\localshorteditorwidth=\skip80
Package biblatex Info: Trying to load enhanced support for Unicode engines...
Package biblatex Info: ... file 'blx-unicode.def' found.

(/Users/megansmac/Library/TinyTeX/texmf-dist/tex/latex/biblatex/blx-unicode.def
)
Package biblatex Info: Trying to load compatibility code...
Package biblatex Info: ... file 'blx-compat.def' found.
(/Users/megansmac/Library/TinyTeX/texmf-dist/tex/latex/biblatex/blx-compat.def
File: blx-compat.def 2020/12/31 v3.16 biblatex compatibility (PK/MW)
)
Package biblatex Info: Trying to load generic definitions...
Package biblatex Info: ... file 'biblatex.def' found.
(/Users/megansmac/Library/TinyTeX/texmf-dist/tex/latex/biblatex/biblatex.def
File: biblatex.def 2020/12/31 v3.16 biblatex compatibility (PK/MW)
\c@textcitecount=\count385
\c@textcitetotal=\count386
\c@textcitemaxnames=\count387
\c@biburlbigbreakpenalty=\count388
\c@biburlbreakpenalty=\count389
\c@biburlnumpenalty=\count390
\c@biburlucpenalty=\count391
\c@biburllcpenalty=\count392
\biburlbigskip=\muskip17
\biburlnumskip=\muskip18
\biburlucskip=\muskip19
\biburllcskip=\muskip20
\c@smartand=\count393
)
Package biblatex Info: Trying to load bibliography style 'numeric'...
Package biblatex Info: ... file 'numeric.bbx' found.

(/Users/megansmac/Library/TinyTeX/texmf-dist/tex/latex/biblatex/bbx/numeric.bbx
File: numeric.bbx 2020/12/31 v3.16 biblatex bibliography style (PK/MW)
Package biblatex Info: Trying to load bibliography style 'standard'...
Package biblatex Info: ... file 'standard.bbx' found.

(/Users/megansmac/Library/TinyTeX/texmf-dist/tex/latex/biblatex/bbx/standard.bb
x
File: standard.bbx 2020/12/31 v3.16 biblatex bibliography style (PK/MW)
\c@bbx:relatedcount=\count394
\c@bbx:relatedtotal=\count395
))
Package biblatex Info: Trying to load citation style 'numeric'...
Package biblatex Info: ... file 'numeric.cbx' found.

(/Users/megansmac/Library/TinyTeX/texmf-dist/tex/latex/biblatex/cbx/numeric.cbx
File: numeric.cbx 2020/12/31 v3.16 biblatex citation style (PK/MW)
Package biblatex Info: Redefining '\cite'.
Package biblatex Info: Redefining '\parencite'.
Package biblatex Info: Redefining '\footcite'.
Package biblatex Info: Redefining '\footcitetext'.
Package biblatex Info: Redefining '\smartcite'.
Package biblatex Info: Redefining '\supercite'.
Package biblatex Info: Redefining '\textcite'.
Package biblatex Info: Redefining '\textcites'.
Package biblatex Info: Redefining '\cites'.
Package biblatex Info: Redefining '\parencites'.
Package biblatex Info: Redefining '\smartcites'.
)
Package biblatex Info: Trying to load configuration file...
Package biblatex Info: ... file 'biblatex.cfg' found.
(/Users/megansmac/Library/TinyTeX/texmf-dist/tex/latex/biblatex/biblatex.cfg
File: biblatex.cfg 
)) (/Users/megansmac/Library/TinyTeX/texmf-dist/tex/latex/amsfonts/amssymb.sty
Package: amssymb 2013/01/14 v3.01 AMS font symbols
(/Users/megansmac/Library/TinyTeX/texmf-dist/tex/latex/amsfonts/amsfonts.sty
Package: amsfonts 2013/01/14 v3.01 Basic AMSFonts support
\@emptytoks=\toks20
\symAMSa=\mathgroup5
\symAMSb=\mathgroup6
LaTeX Font Info:    Redeclaring math symbol \hbar on input line 98.
LaTeX Font Info:    Overwriting math alphabet `\mathfrak' in version `bold'
(Font)                  U/euf/m/n --> U/euf/b/n on input line 106.
)) (/Users/megansmac/Library/TinyTeX/texmf-dist/tex/latex/amsmath/amsmath.sty
Package: amsmath 2021/10/15 v2.17l AMS math features
\@mathmargin=\skip81
For additional information on amsmath, use the `?' option.
(/Users/megansmac/Library/TinyTeX/texmf-dist/tex/latex/amsmath/amstext.sty
Package: amstext 2021/08/26 v2.01 AMS text
(/Users/megansmac/Library/TinyTeX/texmf-dist/tex/latex/amsmath/amsgen.sty
File: amsgen.sty 1999/11/30 v2.0 generic functions
\@emptytoks=\toks21
\ex@=\dimen165
)) (/Users/megansmac/Library/TinyTeX/texmf-dist/tex/latex/amsmath/amsbsy.sty
Package: amsbsy 1999/11/29 v1.2d Bold Symbols
\pmbraise@=\dimen166
) (/Users/megansmac/Library/TinyTeX/texmf-dist/tex/latex/amsmath/amsopn.sty
Package: amsopn 2021/08/26 v2.02 operator names
)
\inf@bad=\count396
LaTeX Info: Redefining \frac on input line 234.
\uproot@=\count397
\leftroot@=\count398
LaTeX Info: Redefining \overline on input line 399.
\classnum@=\count399
\DOTSCASE@=\count400
LaTeX Info: Redefining \ldots on input line 496.
LaTeX Info: Redefining \dots on input line 499.
LaTeX Info: Redefining \cdots on input line 620.
\Mathstrutbox@=\box59
\strutbox@=\box60
\big@size=\dimen167
LaTeX Font Info:    Redeclaring font encoding OML on input line 743.
LaTeX Font Info:    Redeclaring font encoding OMS on input line 744.
\macc@depth=\count401
\c@MaxMatrixCols=\count402
\dotsspace@=\muskip21
\c@parentequation=\count403
\dspbrk@lvl=\count404
\tag@help=\toks22
\row@=\count405
\column@=\count406
\maxfields@=\count407
\andhelp@=\toks23
\eqnshift@=\dimen168
\alignsep@=\dimen169
\tagshift@=\dimen170
\tagwidth@=\dimen171
\totwidth@=\dimen172
\lineht@=\dimen173
\@envbody=\toks24
\multlinegap=\skip82
\multlinetaggap=\skip83
\mathdisplay@stack=\toks25
LaTeX Info: Redefining \[ on input line 2938.
LaTeX Info: Redefining \] on input line 2939.
) (/Users/megansmac/Library/TinyTeX/texmf-dist/tex/generic/iftex/ifxetex.sty
Package: ifxetex 2019/10/25 v0.7 ifxetex legacy package. Use iftex instead.
) (/Users/megansmac/Library/TinyTeX/texmf-dist/tex/generic/iftex/ifluatex.sty
Package: ifluatex 2019/10/25 v1.5 ifluatex legacy package. Use iftex instead.
) (/Users/megansmac/Library/TinyTeX/texmf-dist/tex/latex/fontspec/fontspec.sty
(/Users/megansmac/Library/TinyTeX/texmf-dist/tex/latex/l3packages/xparse/xparse
.sty (/Users/megansmac/Library/TinyTeX/texmf-dist/tex/latex/l3kernel/expl3.sty
Package: expl3 2021-11-22 L3 programming layer (loader) 

(/Users/megansmac/Library/TinyTeX/texmf-dist/tex/latex/l3backend/l3backend-xete
x.def
File: l3backend-xetex.def 2021-10-18 L3 backend support: XeTeX
(|extractbb --version)
\c__kernel_sys_dvipdfmx_version_int=\count408
\l__color_backend_stack_int=\count409
\g__color_backend_stack_int=\count410
\g__graphics_track_int=\count411
\l__pdf_internal_box=\box61
\g__pdf_backend_object_int=\count412
\g__pdf_backend_annotation_int=\count413
\g__pdf_backend_link_int=\count414
))
Package: xparse 2021-11-12 L3 Experimental document command parser
)
Package: fontspec 2020/02/21 v2.7i Font selection for XeLaTeX and LuaLaTeX

(/Users/megansmac/Library/TinyTeX/texmf-dist/tex/latex/fontspec/fontspec-xetex.
sty
Package: fontspec-xetex 2020/02/21 v2.7i Font selection for XeLaTeX and LuaLaTe
X
\l__fontspec_script_int=\count415
\l__fontspec_language_int=\count416
\l__fontspec_strnum_int=\count417
\l__fontspec_tmp_int=\count418
\l__fontspec_tmpa_int=\count419
\l__fontspec_tmpb_int=\count420
\l__fontspec_tmpc_int=\count421
\l__fontspec_em_int=\count422
\l__fontspec_emdef_int=\count423
\l__fontspec_strong_int=\count424
\l__fontspec_strongdef_int=\count425
\l__fontspec_tmpa_dim=\dimen174
\l__fontspec_tmpb_dim=\dimen175
\l__fontspec_tmpc_dim=\dimen176
(/Users/megansmac/Library/TinyTeX/texmf-dist/tex/latex/base/fontenc.sty
Package: fontenc 2021/04/29 v2.0v Standard LaTeX package
) (/Users/megansmac/Library/TinyTeX/texmf-dist/tex/latex/fontspec/fontspec.cfg)
)) (/Users/megansmac/Library/TinyTeX/texmf-dist/tex/xelatex/xltxtra/xltxtra.sty
Package: xltxtra 2018/12/31 v0.7 Improvements for the "XeLaTeX" format

(/Users/megansmac/Library/TinyTeX/texmf-dist/tex/latex/realscripts/realscripts.
sty
Package: realscripts 2016/02/13 v0.3d Access OpenType subscripts and superscrip
ts
\subsupersep=\dimen177
) (/Users/megansmac/Library/TinyTeX/texmf-dist/tex/latex/metalogo/metalogo.sty
Package: metalogo 2010/05/29 v0.12 Extended TeX logo macros
\xl@everylogo=\toks26
\xl@@everylogo=\toks27
LaTeX Info: Redefining \TeX on input line 193.
LaTeX Info: Redefining \LaTeX on input line 202.
LaTeX Info: Redefining \LaTeXe on input line 219.
)
\l__xetex_show_hyphens_wrapping_box=\box62
\l__xetex_show_hyphens_temp_box=\box63
\l__xetex_show_hyphens_final_box=\box64
\g__xetex_show_hyphens_word_box=\box65
) (/Users/megansmac/Library/TinyTeX/texmf-dist/tex/xelatex/xunicode/xunicode.st
y
File: xunicode.sty 2011/09/09 v0.981 provides access to latin accents and many 
other characters in Unicode lower plane
(/Users/megansmac/Library/TinyTeX/texmf-dist/tex/latex/tipa/t3enc.def
File: t3enc.def 2001/12/31 T3 encoding
)
\tipaTiiicode=\count426
\tipasavetokens=\toks28
\tipachecktokens=\toks29
) (/Users/megansmac/Library/TinyTeX/texmf-dist/tex/latex/fancyvrb/fancyvrb.sty
Package: fancyvrb 2021/11/18 v4.0 verbatim text (tvz,hv)
\FV@CodeLineNo=\count427
\FV@InFile=\read3
\FV@TabBox=\box66
\c@FancyVerbLine=\count428
\FV@StepNumber=\count429
\FV@OutFile=\write5
) (/Users/megansmac/Library/TinyTeX/texmf-dist/tex/latex/hyperref/hyperref.sty
Package: hyperref 2021-06-07 v7.00m Hypertext links for LaTeX

(/Users/megansmac/Library/TinyTeX/texmf-dist/tex/generic/kvdefinekeys/kvdefinek
eys.sty
Package: kvdefinekeys 2019-12-19 v1.6 Define keys (HO)
)
(/Users/megansmac/Library/TinyTeX/texmf-dist/tex/generic/pdfescape/pdfescape.st
y
Package: pdfescape 2019/12/09 v1.15 Implements pdfTeX's escape features (HO)
) (/Users/megansmac/Library/TinyTeX/texmf-dist/tex/latex/hycolor/hycolor.sty
Package: hycolor 2020-01-27 v1.10 Color options for hyperref/bookmark (HO)
)
(/Users/megansmac/Library/TinyTeX/texmf-dist/tex/latex/letltxmacro/letltxmacro.
sty
Package: letltxmacro 2019/12/03 v1.6 Let assignment for LaTeX macros (HO)
) (/Users/megansmac/Library/TinyTeX/texmf-dist/tex/latex/auxhook/auxhook.sty
Package: auxhook 2019-12-17 v1.6 Hooks for auxiliary files (HO)
)
\@linkdim=\dimen178
\Hy@linkcounter=\count430
\Hy@pagecounter=\count431
(/Users/megansmac/Library/TinyTeX/texmf-dist/tex/latex/hyperref/pd1enc.def
File: pd1enc.def 2021-06-07 v7.00m Hyperref: PDFDocEncoding definition (HO)
)
(/Users/megansmac/Library/TinyTeX/texmf-dist/tex/latex/hyperref/hyperref-langpa
tches.def
File: hyperref-langpatches.def 2021-06-07 v7.00m Hyperref: patches for babel la
nguages
) (/Users/megansmac/Library/TinyTeX/texmf-dist/tex/generic/intcalc/intcalc.sty
Package: intcalc 2019/12/15 v1.3 Expandable calculations with integers (HO)
) (/Users/megansmac/Library/TinyTeX/texmf-dist/tex/generic/etexcmds/etexcmds.st
y
Package: etexcmds 2019/12/15 v1.7 Avoid name clashes with e-TeX commands (HO)
)
\Hy@SavedSpaceFactor=\count432
(/Users/megansmac/Library/TinyTeX/texmf-dist/tex/latex/hyperref/puenc.def
File: puenc.def 2021-06-07 v7.00m Hyperref: PDF Unicode definition (HO)

(/Users/megansmac/Library/TinyTeX/texmf-dist/tex/latex/hyperref/puenc-greekbasi
c.def
File: puenc-greekbasic.def 2021-06-07 v7.00m Hyperref: PDF Unicode definition (
greek block) (HO)
))
Package hyperref Info: Option `setpagesize' set `false' on input line 4073.
Package hyperref Info: Option `unicode' set `false' on input line 4073.
Package hyperref Info: Option `colorlinks' set `true' on input line 4073.
Package hyperref Info: Hyper figures OFF on input line 4192.
Package hyperref Info: Link nesting OFF on input line 4197.
Package hyperref Info: Hyper index ON on input line 4200.
Package hyperref Info: Plain pages OFF on input line 4207.
Package hyperref Info: Backreferencing OFF on input line 4212.
Package hyperref Info: Implicit mode ON; LaTeX internals redefined.
Package hyperref Info: Bookmarks ON on input line 4445.
\c@Hy@tempcnt=\count433
LaTeX Info: Redefining \url on input line 4804.
\XeTeXLinkMargin=\dimen179
(/Users/megansmac/Library/TinyTeX/texmf-dist/tex/generic/bitset/bitset.sty
Package: bitset 2019/12/09 v1.3 Handle bit-vector datatype (HO)

(/Users/megansmac/Library/TinyTeX/texmf-dist/tex/generic/bigintcalc/bigintcalc.
sty
Package: bigintcalc 2019/12/15 v1.5 Expandable calculations on big integers (HO
)
))
\Fld@menulength=\count434
\Field@Width=\dimen180
\Fld@charsize=\dimen181
Package hyperref Info: Hyper figures OFF on input line 6076.
Package hyperref Info: Link nesting OFF on input line 6081.
Package hyperref Info: Hyper index ON on input line 6084.
Package hyperref Info: backreferencing OFF on input line 6091.
Package hyperref Info: Link coloring ON on input line 6094.
Package hyperref Info: Link coloring with OCG OFF on input line 6101.
Package hyperref Info: PDF/A mode OFF on input line 6106.
LaTeX Info: Redefining \ref on input line 6146.
LaTeX Info: Redefining \pageref on input line 6150.
(/Users/megansmac/Library/TinyTeX/texmf-dist/tex/latex/base/atbegshi-ltx.sty
Package: atbegshi-ltx 2021/01/10 v1.0c Emulation of the original atbegshi
package with kernel methods
)
\Hy@abspage=\count435
\c@Item=\count436
\c@Hfootnote=\count437
)
Package hyperref Info: Driver: hxetex.
(/Users/megansmac/Library/TinyTeX/texmf-dist/tex/latex/hyperref/hxetex.def
File: hxetex.def 2021-06-07 v7.00m Hyperref driver for XeTeX

(/Users/megansmac/Library/TinyTeX/texmf-dist/tex/generic/stringenc/stringenc.st
y
Package: stringenc 2019/11/29 v1.12 Convert strings between diff. encodings (HO
)
)
\pdfm@box=\box67
\c@Hy@AnnotLevel=\count438
\HyField@AnnotCount=\count439
\Fld@listcount=\count440
\c@bookmark@seq@number=\count441

(/Users/megansmac/Library/TinyTeX/texmf-dist/tex/latex/rerunfilecheck/rerunfile
check.sty
Package: rerunfilecheck 2019/12/05 v1.9 Rerun checks for auxiliary files (HO)
(/Users/megansmac/Library/TinyTeX/texmf-dist/tex/latex/base/atveryend-ltx.sty
Package: atveryend-ltx 2020/08/19 v1.0a Emulation of the original atveryend pac
kage
with kernel methods
)
(/Users/megansmac/Library/TinyTeX/texmf-dist/tex/generic/uniquecounter/uniqueco
unter.sty
Package: uniquecounter 2019/12/15 v1.4 Provide unlimited unique counter (HO)
)
Package uniquecounter Info: New unique counter `rerunfilecheck' on input line 2
86.
)
\Hy@SectionHShift=\skip84
)
Package hyperref Info: Option `breaklinks' set `true' on input line 149.
\@quotelevel=\count442
\@quotereset=\count443
(./thesis.aux

LaTeX Warning: Label `eq:linsex' multiply defined.


LaTeX Warning: Label `eq:linsex' multiply defined.

)
\openout1 = `thesis.aux'.

LaTeX Font Info:    Checking defaults for OML/cmm/m/it on input line 155.
LaTeX Font Info:    ... okay on input line 155.
LaTeX Font Info:    Checking defaults for OMS/cmsy/m/n on input line 155.
LaTeX Font Info:    ... okay on input line 155.
LaTeX Font Info:    Checking defaults for OT1/cmr/m/n on input line 155.
LaTeX Font Info:    ... okay on input line 155.
LaTeX Font Info:    Checking defaults for T1/cmr/m/n on input line 155.
LaTeX Font Info:    ... okay on input line 155.
LaTeX Font Info:    Checking defaults for TS1/cmr/m/n on input line 155.
LaTeX Font Info:    Trying to load font information for TS1+cmr on input line 1
55.
(/Users/megansmac/Library/TinyTeX/texmf-dist/tex/latex/base/ts1cmr.fd
File: ts1cmr.fd 2019/12/16 v2.5j Standard LaTeX font definitions
)
LaTeX Font Info:    ... okay on input line 155.
LaTeX Font Info:    Checking defaults for TU/lmr/m/n on input line 155.
LaTeX Font Info:    ... okay on input line 155.
LaTeX Font Info:    Checking defaults for OMX/cmex/m/n on input line 155.
LaTeX Font Info:    ... okay on input line 155.
LaTeX Font Info:    Checking defaults for U/cmr/m/n on input line 155.
LaTeX Font Info:    ... okay on input line 155.
LaTeX Font Info:    Checking defaults for T3/cmr/m/n on input line 155.
LaTeX Font Info:    Trying to load font information for T3+cmr on input line 15
5.
(/Users/megansmac/Library/TinyTeX/texmf-dist/tex/latex/tipa/t3cmr.fd
File: t3cmr.fd 2001/12/31 TIPA font definitions
)
LaTeX Font Info:    ... okay on input line 155.
LaTeX Font Info:    Checking defaults for PD1/pdf/m/n on input line 155.
LaTeX Font Info:    ... okay on input line 155.
LaTeX Font Info:    Checking defaults for PU/pdf/m/n on input line 155.
LaTeX Font Info:    ... okay on input line 155.
Package biblatex Info: Trying to load language 'english'...
Package biblatex Info: ... file 'english.lbx' found.

(/Users/megansmac/Library/TinyTeX/texmf-dist/tex/latex/biblatex/lbx/english.lbx
File: english.lbx 2020/12/31 v3.16 biblatex localization (PK/MW)
)
Package biblatex Info: XeTeX detected.
(biblatex)             Assuming input encoding 'utf8'.
Package biblatex Info: Automatic encoding selection.
(biblatex)             Assuming data encoding 'utf8'.
Package biblatex Info: Document encoding is UTF8 ....
Package biblatex Info: ... and expl3
(biblatex)             2021-11-22 L3 programming layer (loader) 
(biblatex)             is new enough (at least 2020/04/06),
(biblatex)             setting 'casechanger=expl3'.

(/Users/megansmac/Library/TinyTeX/texmf-dist/tex/latex/biblatex/blx-case-expl3.
sty
Package: blx-case-expl3 2020/12/31 v3.16 expl3 case changing code for biblatex
)
\openout4 = `thesis.bcf'.

Package biblatex Info: Trying to load bibliographic data...
Package biblatex Info: ... file 'thesis.bbl' not found.
No file thesis.bbl.
Package biblatex Info: Reference section=0 on input line 155.
Package biblatex Info: Reference segment=0 on input line 155.

Package fontspec Info: Adjusting the maths setup (use [no-math] to avoid
(fontspec)             this).

\symlegacymaths=\mathgroup7
LaTeX Font Info:    Overwriting symbol font `legacymaths' in version `bold'
(Font)                  OT1/cmr/m/n --> OT1/cmr/bx/n on input line 155.
LaTeX Font Info:    Redeclaring math accent \acute on input line 155.
LaTeX Font Info:    Redeclaring math accent \grave on input line 155.
LaTeX Font Info:    Redeclaring math accent \ddot on input line 155.
LaTeX Font Info:    Redeclaring math accent \tilde on input line 155.
LaTeX Font Info:    Redeclaring math accent \bar on input line 155.
LaTeX Font Info:    Redeclaring math accent \breve on input line 155.
LaTeX Font Info:    Redeclaring math accent \check on input line 155.
LaTeX Font Info:    Redeclaring math accent \hat on input line 155.
LaTeX Font Info:    Redeclaring math accent \dot on input line 155.
LaTeX Font Info:    Redeclaring math accent \mathring on input line 155.
LaTeX Font Info:    Redeclaring math symbol \Gamma on input line 155.
LaTeX Font Info:    Redeclaring math symbol \Delta on input line 155.
LaTeX Font Info:    Redeclaring math symbol \Theta on input line 155.
LaTeX Font Info:    Redeclaring math symbol \Lambda on input line 155.
LaTeX Font Info:    Redeclaring math symbol \Xi on input line 155.
LaTeX Font Info:    Redeclaring math symbol \Pi on input line 155.
LaTeX Font Info:    Redeclaring math symbol \Sigma on input line 155.
LaTeX Font Info:    Redeclaring math symbol \Upsilon on input line 155.
LaTeX Font Info:    Redeclaring math symbol \Phi on input line 155.
LaTeX Font Info:    Redeclaring math symbol \Psi on input line 155.
LaTeX Font Info:    Redeclaring math symbol \Omega on input line 155.
LaTeX Font Info:    Redeclaring math symbol \mathdollar on input line 155.
LaTeX Font Info:    Redeclaring symbol font `operators' on input line 155.
LaTeX Font Info:    Encoding `OT1' has changed to `TU' for symbol font
(Font)              `operators' in the math version `normal' on input line 155.

LaTeX Font Info:    Overwriting symbol font `operators' in version `normal'
(Font)                  OT1/cmr/m/n --> TU/lmr/m/n on input line 155.
LaTeX Font Info:    Encoding `OT1' has changed to `TU' for symbol font
(Font)              `operators' in the math version `bold' on input line 155.
LaTeX Font Info:    Overwriting symbol font `operators' in version `bold'
(Font)                  OT1/cmr/bx/n --> TU/lmr/m/n on input line 155.
LaTeX Font Info:    Overwriting symbol font `operators' in version `normal'
(Font)                  TU/lmr/m/n --> TU/lmr/m/n on input line 155.
LaTeX Font Info:    Overwriting math alphabet `\mathit' in version `normal'
(Font)                  OT1/cmr/m/it --> TU/lmr/m/it on input line 155.
LaTeX Font Info:    Overwriting math alphabet `\mathbf' in version `normal'
(Font)                  OT1/cmr/bx/n --> TU/lmr/b/n on input line 155.
LaTeX Font Info:    Overwriting math alphabet `\mathsf' in version `normal'
(Font)                  OT1/cmss/m/n --> TU/lmss/m/n on input line 155.
LaTeX Font Info:    Overwriting math alphabet `\mathtt' in version `normal'
(Font)                  OT1/cmtt/m/n --> TU/lmtt/m/n on input line 155.
LaTeX Font Info:    Overwriting symbol font `operators' in version `bold'
(Font)                  TU/lmr/m/n --> TU/lmr/b/n on input line 155.
LaTeX Font Info:    Overwriting math alphabet `\mathit' in version `bold'
(Font)                  OT1/cmr/bx/it --> TU/lmr/b/it on input line 155.
LaTeX Font Info:    Overwriting math alphabet `\mathsf' in version `bold'
(Font)                  OT1/cmss/bx/n --> TU/lmss/b/n on input line 155.
LaTeX Font Info:    Overwriting math alphabet `\mathtt' in version `bold'
(Font)                  OT1/cmtt/m/n --> TU/lmtt/b/n on input line 155.
Package hyperref Info: Link coloring ON on input line 155.
(/Users/megansmac/Library/TinyTeX/texmf-dist/tex/latex/hyperref/nameref.sty
Package: nameref 2021-04-02 v2.47 Cross-referencing by name of section
(/Users/megansmac/Library/TinyTeX/texmf-dist/tex/latex/refcount/refcount.sty
Package: refcount 2019/12/15 v3.6 Data extraction from label references (HO)
)
(/Users/megansmac/Library/TinyTeX/texmf-dist/tex/generic/gettitlestring/gettitl
estring.sty
Package: gettitlestring 2019/12/15 v1.6 Cleanup title references (HO)
)
\c@section@level=\count444
)
LaTeX Info: Redefining \ref on input line 155.
LaTeX Info: Redefining \pageref on input line 155.
LaTeX Info: Redefining \nameref on input line 155.
(./thesis.out) (./thesis.out)
\@outlinefile=\write6
\openout6 = `thesis.out'.


(/Users/megansmac/Library/TinyTeX/texmf-dist/tex/generic/stringenc/se-ascii-pri
nt.def
File: se-ascii-print.def 2019/11/29 v1.12 stringenc: Printable ASCII characters

) [1

] [-1

] [0

] (./thesis.toc
LaTeX Font Info:    Trying to load font information for U+wasy on input line 3.

(/Users/megansmac/Library/TinyTeX/texmf-dist/tex/latex/wasysym/uwasy.fd
File: uwasy.fd 2020/01/19 v2.4 Wasy-2 symbol font definitions
)
LaTeX Font Info:    Trying to load font information for U+msa on input line 3.
(/Users/megansmac/Library/TinyTeX/texmf-dist/tex/latex/amsfonts/umsa.fd
File: umsa.fd 2013/01/14 v3.01 AMS symbols A
)
LaTeX Font Info:    Trying to load font information for U+msb on input line 3.
(/Users/megansmac/Library/TinyTeX/texmf-dist/tex/latex/amsfonts/umsb.fd
File: umsb.fd 2013/01/14 v3.01 AMS symbols B
) [1



] [2])
\tf@toc=\write7
\openout7 = `thesis.toc'.

[3] (./thesis.lof [4

])
\tf@lof=\write8
\openout8 = `thesis.lof'.

[5] (./thesis.lot)
\tf@lot=\write9
\openout9 = `thesis.lot'.

[6

] [7

] [8

] [1



] [2]
<<1>>
[3

] [4]
Underfull \vbox (badness 3815) has occurred while \output is active []

[5]
Underfull \vbox (badness 10000) has occurred while \output is active []

[6] [7]
Underfull \vbox (badness 10000) has occurred while \output is active []

[8] [9] [10] [11] [12] [13]
Underfull \vbox (badness 10000) has occurred while \output is active []

[14]
Underfull \vbox (badness 1490) has occurred while \output is active []

[15]
Underfull \hbox (badness 10000) in paragraph at lines 807--823

 []


Underfull \vbox (badness 3815) has occurred while \output is active []

[16] [17]
Underfull \vbox (badness 3815) has occurred while \output is active []

[18]
Underfull \vbox (badness 10000) has occurred while \output is active []

[19]
Missing character: There is no  (U+F064) in font [lmroman12-regular]:mapping=t
ex-text;!

Underfull \vbox (badness 10000) has occurred while \output is active []

[20]
Underfull \vbox (badness 3815) has occurred while \output is active []

[21]
Underfull \vbox (badness 10000) has occurred while \output is active []

[22] [23] [24]
Missing character: There is no δ (U+03B4) in font [lmroman8-regular]:mapping=te
x-text;!
Missing character: There is no δ (U+03B4) in font [lmroman8-regular]:mapping=te
x-text;!
Missing character: There is no δ (U+03B4) in font [lmroman8-regular]:mapping=te
x-text;!

Overfull \hbox (41.8091pt too wide) in alignment at lines 1156--1196
 [] [] [] [] 
 []

[25

] [26]
Missing character: There is no δ (U+03B4) in font [lmroman8-regular]:mapping=te
x-text;!
Missing character: There is no δ (U+03B4) in font [lmroman8-regular]:mapping=te
x-text;!
Missing character: There is no δ (U+03B4) in font [lmroman8-regular]:mapping=te
x-text;!

Overfull \hbox (61.20624pt too wide) in alignment at lines 1202--1223
 [] [] [] [] [] [] [] [] [] [] [] 
 []

[27


]
File: figure/Ch1/fig1.1.pdf Graphic file (type pdf)
<use figure/Ch1/fig1.1.pdf>

Overfull \hbox (3.30663pt too wide) in paragraph at lines 1239--1240
[][] 
 []

[28


]
File: figure/Ch1/Figure2_Feddernetal.pdf Graphic file (type pdf)
<use figure/Ch1/Figure2_Feddernetal.pdf>
[29

]
File: figure/Ch1/Figure3_Feddernetal.pdf Graphic file (type pdf)
<use figure/Ch1/Figure3_Feddernetal.pdf>
[30

]
File: figure/Ch1/ch1residuals.pdf Graphic file (type pdf)
<use figure/Ch1/ch1residuals.pdf>

LaTeX Warning: `h' float specifier changed to `ht'.

[31

] [32]
<<2>>
[33

] [34]
Underfull \vbox (badness 10000) has occurred while \output is active []

[35]
Underfull \vbox (badness 3815) has occurred while \output is active []

[36] [37]

LaTeX Warning: Command \textperthousand invalid in math mode on input line 1542
.


LaTeX Warning: Command \textperthousand invalid in math mode on input line 1547
.

[38]

LaTeX Font Warning: Font shape `U/wasy/b/n' in size <8> not available
(Font)              Font shape `U/wasy/m/n' tried instead on input line 1588.


LaTeX Font Warning: Font shape `U/wasy/b/n' in size <6> not available
(Font)              Font shape `U/wasy/m/n' tried instead on input line 1588.

[39] [40]
Underfull \vbox (badness 10000) has occurred while \output is active []

[41]
Underfull \vbox (badness 2608) has occurred while \output is active []

[42]
Missing character: There is no θ (U+03B8) in font [lmroman12-regular]:mapping=t
ex-text;!
[43] [44] [45]
Missing character: There is no δ (U+03B4) in font [lmroman12-regular]:mapping=t
ex-text;!

Underfull \vbox (badness 3815) has occurred while \output is active []

[46]
Underfull \vbox (badness 10000) has occurred while \output is active []

[47] [48]
Missing character: There is no δ (U+03B4) in font [lmroman12-regular]:mapping=t
ex-text;!
[49] [50]
Underfull \vbox (badness 3815) has occurred while \output is active []

[51]
Underfull \vbox (badness 10000) has occurred while \output is active []

[52] [53]
Underfull \vbox (badness 10000) has occurred while \output is active []

[54] [55]
Missing character: There is no δ (U+03B4) in font [lmroman8-regular]:mapping=te
x-text;!
Missing character: There is no δ (U+03B4) in font [lmroman8-regular]:mapping=te
x-text;!
[56

]
Overfull \hbox (43.29405pt too wide) in alignment at lines 2298--2315
 [] [] [] [] 
 []

[57


] [58] [59

]
Overfull \hbox (17.92484pt too wide) in paragraph at lines 2348--2348
[]\TU/lmtt/m/n/12 Warning in read.table(file = file, header = header, sep = sep
, quote = quote, :[] 
 []

[60

]
Overfull \hbox (17.92484pt too wide) in paragraph at lines 2371--2371
[]\TU/lmtt/m/n/12 Warning in read.table(file = file, header = header, sep = sep
, quote = quote, :[] 
 []

[61

] [62

]
File: figure/Ch2/Figure1.pdf Graphic file (type pdf)
<use figure/Ch2/Figure1.pdf>
[63

]
File: figure/Ch2/Fig2_Map.pdf Graphic file (type pdf)
<use figure/Ch2/Fig2_Map.pdf>

Overfull \hbox (94.05756pt too wide) in paragraph at lines 2408--2409
 [][] 
 []

[64


]
File: figure/Ch2/Figure3_SexLocation.pdf Graphic file (type pdf)
<use figure/Ch2/Figure3_SexLocation.pdf>
[65

]
File: figure/Ch2/hiermod.pdf Graphic file (type pdf)
<use figure/Ch2/hiermod.pdf>
[66

]
File: figure/Ch2/Figure5_CoefPlot.pdf Graphic file (type pdf)
<use figure/Ch2/Figure5_CoefPlot.pdf>
[67

]
File: figure/Ch2/Figure6_AK.GDFA.pdf Graphic file (type pdf)
<use figure/Ch2/Figure6_AK.GDFA.pdf>

Underfull \hbox (badness 10000) in paragraph at lines 2457--2480

 []


LaTeX Warning: `h' float specifier changed to `ht'.

[68

] [69]
File: figure/Ch2/Figure7_WA.GDFA.pdf Graphic file (type pdf)
<use figure/Ch2/Figure7_WA.GDFA.pdf>

Underfull \hbox (badness 10000) in paragraph at lines 2482--2496

 []

[70

]
File: figure/Ch2/figures2.png Graphic file (type bmp)
<figure/Ch2/figures2.png>

Underfull \hbox (badness 10000) in paragraph at lines 2498--2509

 []

[71

]
File: figure/Ch2/FigureS2.pdf Graphic file (type pdf)
<use figure/Ch2/FigureS2.pdf>
[72

]
File: figure/Ch2/FigureS3.pdf Graphic file (type pdf)
<use figure/Ch2/FigureS3.pdf>
[73

]
File: figure/Ch2/FigureS4.pdf Graphic file (type pdf)
<use figure/Ch2/FigureS4.pdf>
[74

]
File: figure/Ch2/FigureS5.pdf Graphic file (type pdf)
<use figure/Ch2/FigureS5.pdf>
[75

]
File: figure/Ch2/FigureS6.pdf Graphic file (type pdf)
<use figure/Ch2/FigureS6.pdf>
[76

]
File: figure/Ch2/FigureS7.pdf Graphic file (type pdf)
<use figure/Ch2/FigureS7.pdf>
[77

]
File: figure/Ch2/FigureS8.pdf Graphic file (type pdf)
<use figure/Ch2/FigureS8.pdf>

Overfull \hbox (31.35918pt too wide) in paragraph at lines 2587--2588
 [][] 
 []

[78

]
<<3>>

Underfull \vbox (badness 10000) has occurred while \output is active []

[79

] [80]
Underfull \vbox (badness 10000) has occurred while \output is active []

[81]
Underfull \vbox (badness 3815) has occurred while \output is active []

[82] [83]
Missing character: There is no β (U+03B2) in font [lmroman12-regular]:mapping=t
ex-text;!
[84] [85] [86]
Overfull \hbox (1.32907pt too wide) in alignment at lines 2907--2920
 [] [] [] [] [] [] 
 []

[87

]
Overfull \hbox (34.47006pt too wide) in alignment at lines 2928--2941
 [] [] [] [] 
 []

[88


]
Overfull \hbox (44.02208pt too wide) in alignment at lines 2948--2959
 [] [] [] [] 
 []

[89

] [90] [91


] [92]
File: figure/Ch3/Figure1.pdf Graphic file (type pdf)
<use figure/Ch3/Figure1.pdf>

Underfull \vbox (badness 10000) has occurred while \output is active []

[93

] [94]
<<4>>
[95


]
Underfull \vbox (badness 1490) has occurred while \output is active []

[96]
Underfull \vbox (badness 10000) has occurred while \output is active []

[97]
Underfull \vbox (badness 3815) has occurred while \output is active []

[98]
Underfull \vbox (badness 10000) has occurred while \output is active []

[99] [100]

LaTeX Warning: Command \textperthousand invalid in math mode on input line 3346
.

[101] [102]
Missing character: There is no α ("3B1) in font cmmi8!
Missing character: There is no α ("3B1) in font cmmi8!
[103] [104]
Underfull \vbox (badness 3815) has occurred while \output is active []

[105] [106] [107] [108]
Underfull \vbox (badness 10000) has occurred while \output is active []

[109] [110]
Missing character: There is no β (U+03B2) in font [lmroman12-regular]:mapping=t
ex-text;!

Underfull \vbox (badness 10000) has occurred while \output is active []

[111] [112] [113

]
Overfull \hbox (10.17705pt too wide) in alignment at lines 3847--3860
 [] [] [] [] [] 
 []

[114

]
File: figure/Ch4/Figure1.pdf Graphic file (type pdf)
<use figure/Ch4/Figure1.pdf>
[115

]
File: figure/Ch4/Figure2.pdf Graphic file (type pdf)
<use figure/Ch4/Figure2.pdf>
[116


]
File: figure/Ch4/Figure3.pdf Graphic file (type pdf)
<use figure/Ch4/Figure3.pdf>

LaTeX Warning: Float too large for page by 13.10599pt on input line 3905.


LaTeX Warning: `h' float specifier changed to `ht'.

[117


] [118]
File: figure/Ch4/Figure4.pdf Graphic file (type pdf)
<use figure/Ch4/Figure4.pdf>

Underfull \hbox (badness 10000) in paragraph at lines 3908--3921

 []

[119

]
File: figure/Ch4/Figure5.pdf Graphic file (type pdf)
<use figure/Ch4/Figure5.pdf>
[120

]
File: figure/Ch4/Figure6.pdf Graphic file (type pdf)
<use figure/Ch4/Figure6.pdf>
[121

] [122


]
<<A>>
[123

] [124]
<<B>>
[125

]
Overfull \hbox (11.7445pt too wide) in paragraph at lines 4154--4154
[]\TU/lmtt/m/n/12 - Session info ----------------------------------------------
-----------------[] 
 []

[126

]
Overfull \hbox (11.74449pt too wide) in paragraph at lines 4154--4154
[]\TU/lmtt/m/n/12 - Packages --------------------------------------------------
-----------------[] 
 []


Underfull \vbox (badness 10000) has occurred while \output is active []

[127]
Underfull \vbox (badness 10000) has occurred while \output is active []

[128] [129] [130


]
Underfull \vbox (badness 10000) has occurred while \output is active []

[131]
Underfull \vbox (badness 10000) has occurred while \output is active []

[132]
Underfull \vbox (badness 10000) has occurred while \output is active []

[133]
Underfull \hbox (badness 1052) in paragraph at lines 4347--4353
 \TU/lmr/m/n/12 … Ohkouchi, N. (2009). Determination of aquatic food‐web struct
ure based on
 []


Underfull \hbox (badness 1158) in paragraph at lines 4347--4353
 \TU/lmr/m/n/12 compound‐specific nitrogen isotopic composition of amino acids.
 \TU/lmr/m/it/12 Limnology and
 []

Missing character: There is no δ (U+03B4) in font [lmroman12-regular]:mapping=t
ex-text;!
Missing character: There is no δ (U+03B4) in font [lmroman12-regular]:mapping=t
ex-text;!

Underfull \vbox (badness 10000) has occurred while \output is active []

[134]
Underfull \vbox (badness 10000) has occurred while \output is active []

[135]
Underfull \vbox (badness 10000) has occurred while \output is active []

[136]
Underfull \vbox (badness 10000) has occurred while \output is active []

[137]
Missing character: There is no δ (U+03B4) in font [lmroman12-regular]:mapping=t
ex-text;!
Missing character: There is no δ (U+03B4) in font [lmroman12-regular]:mapping=t
ex-text;!

Underfull \vbox (badness 10000) has occurred while \output is active []

[138]
Underfull \vbox (badness 10000) has occurred while \output is active []

[139]
Underfull \vbox (badness 10000) has occurred while \output is active []

[140]
Underfull \vbox (badness 10000) has occurred while \output is active []

[141]
Missing character: There is no δ (U+03B4) in font [lmroman12-regular]:mapping=t
ex-text;!
Missing character: There is no δ (U+03B4) in font [lmroman12-regular]:mapping=t
ex-text;!
Missing character: There is no δ (U+03B4) in font [lmroman12-regular]:mapping=t
ex-text;!

Underfull \vbox (badness 10000) has occurred while \output is active []

[142]
Underfull \vbox (badness 10000) has occurred while \output is active []

[143]
Underfull \vbox (badness 10000) has occurred while \output is active []

[144]
Underfull \vbox (badness 10000) has occurred while \output is active []

[145]
Underfull \vbox (badness 10000) has occurred while \output is active []

[146]
Underfull \vbox (badness 10000) has occurred while \output is active []

[147]
Underfull \vbox (badness 10000) has occurred while \output is active []

[148]
Underfull \vbox (badness 10000) has occurred while \output is active []

[149]
Underfull \vbox (badness 10000) has occurred while \output is active []

[150]
Missing character: There is no δ (U+03B4) in font [lmroman12-regular]:mapping=t
ex-text;!

Underfull \vbox (badness 10000) has occurred while \output is active []

[151]
Underfull \hbox (badness 2426) in paragraph at lines 5201--5206
 \TU/lmr/m/n/12 diet in the western stock of steller sea lions (eumetopias juba
tus). \TU/lmr/m/it/12 Journal
 []


Underfull \hbox (badness 1701) in paragraph at lines 5201--5206
 \TU/lmr/m/it/12 of Mammalogy\TU/lmr/m/n/12 , \TU/lmr/m/it/12 83\TU/lmr/m/n/12 
(4), 973–990. Journal Article. [][]http://doi.org/10.1644/1545-
 []


Underfull \vbox (badness 10000) has occurred while \output is active []

[152]
Underfull \vbox (badness 10000) has occurred while \output is active []

[153]
Missing character: There is no δ (U+03B4) in font [lmroman12-regular]:mapping=t
ex-text;!
Missing character: There is no δ (U+03B4) in font [lmroman12-regular]:mapping=t
ex-text;!

Underfull \vbox (badness 10000) has occurred while \output is active []

[154]
Missing character: There is no δ (U+03B4) in font [lmroman12-regular]:mapping=t
ex-text;!

Underfull \vbox (badness 10000) has occurred while \output is active []

[155]
Underfull \vbox (badness 10000) has occurred while \output is active []

[156] [157] (./thesis.aux)

LaTeX Warning: There were multiply-defined labels.

Package rerunfilecheck Info: File `thesis.out' has not changed.
(rerunfilecheck)             Checksum: D3A2B8EAD76BE05C85DC345BF104150D;2793.
Package logreq Info: Writing requests to 'thesis.run.xml'.
\openout1 = `thesis.run.xml'.

 ) 
Here is how much of TeX's memory you used:
 23746 strings out of 478256
 453604 string characters out of 5854957
 1197195 words of memory out of 5000000
 43947 multiletter control sequences out of 15000+600000
 413089 words of font info for 81 fonts, out of 8000000 for 9000
 15 hyphenation exceptions out of 8191
 73i,8n,77p,1151b,759s stack positions out of 5000i,500n,10000p,200000b,80000s

Output written on thesis.pdf (168 pages).
