\BOOKMARK [0][-]{chapter*.2}{List\040of\040Figures}{}% 1
\BOOKMARK [0][-]{chapter*.3}{List\040of\040Tables}{}% 2
\BOOKMARK [0][-]{chapter*.6}{Introduction}{}% 3
\BOOKMARK [0][-]{chapter.1}{Riparian\040soil\040nitrogen\040cycling\040and\040isotopic\040enrichment\040in\040response\040to\040a\040long-term\040salmon\040carcass\040manipulation\040experiment}{}% 4
\BOOKMARK [1][-]{section.1.1}{Abstract}{chapter.1}% 5
\BOOKMARK [1][-]{section.1.2}{Introduction}{chapter.1}% 6
\BOOKMARK [1][-]{section.1.3}{Methods}{chapter.1}% 7
\BOOKMARK [1][-]{section.1.4}{Results}{chapter.1}% 8
\BOOKMARK [1][-]{section.1.5}{Discussion}{chapter.1}% 9
\BOOKMARK [1][-]{section.1.6}{Tables}{chapter.1}% 10
\BOOKMARK [1][-]{section.1.7}{Figures}{chapter.1}% 11
\BOOKMARK [0][-]{chapter.2}{Stable\040isotope\040signatures\040in\040historic\040harbor\040seal\040bone\040link\040food\040web-assimilated\040carbon\040and\040nitrogen\040resources\040to\040a\040century\040of\040environmental\040change}{}% 12
\BOOKMARK [1][-]{section.2.1}{Abstract}{chapter.2}% 13
\BOOKMARK [1][-]{section.2.2}{Introduction}{chapter.2}% 14
\BOOKMARK [1][-]{section.2.3}{Methods}{chapter.2}% 15
\BOOKMARK [1][-]{section.2.4}{Results}{chapter.2}% 16
\BOOKMARK [1][-]{section.2.5}{Discussion}{chapter.2}% 17
\BOOKMARK [1][-]{section.2.6}{Tables}{chapter.2}% 18
\BOOKMARK [1][-]{section.2.7}{Figures}{chapter.2}% 19
\BOOKMARK [0][-]{chapter.3}{Delayed\040trophic\040response\040of\040a\040marine\040predator\040to\040ocean\040condition\040and\040prey\040availability\040during\040the\040past\040century}{}% 20
\BOOKMARK [1][-]{section.3.1}{Abstract}{chapter.3}% 21
\BOOKMARK [1][-]{section.3.2}{Introduction}{chapter.3}% 22
\BOOKMARK [1][-]{section.3.3}{Methods}{chapter.3}% 23
\BOOKMARK [1][-]{section.3.4}{Results}{chapter.3}% 24
\BOOKMARK [1][-]{section.3.5}{Discussion}{chapter.3}% 25
\BOOKMARK [1][-]{section.3.6}{Tables}{chapter.3}% 26
\BOOKMARK [1][-]{section.3.7}{Figures}{chapter.3}% 27
\BOOKMARK [0][-]{chapter.4}{Recent\040divergent\040changes\040in\040Alaskan\040pinniped\040trophic\040position\040detected\040using\040compound-specific\040stable\040isotope\040analysis}{}% 28
\BOOKMARK [1][-]{section.4.1}{Abstract}{chapter.4}% 29
\BOOKMARK [1][-]{section.4.2}{Introduction}{chapter.4}% 30
\BOOKMARK [1][-]{section.4.3}{Methods}{chapter.4}% 31
\BOOKMARK [1][-]{section.4.4}{Results}{chapter.4}% 32
\BOOKMARK [1][-]{section.4.5}{Discussion}{chapter.4}% 33
\BOOKMARK [1][-]{section.4.6}{Tables}{chapter.4}% 34
\BOOKMARK [1][-]{section.4.7}{Figures}{chapter.4}% 35
\BOOKMARK [0][-]{chapter.5}{The\040influence\040of\040temporal\040isotope\040heterogeneity\040and\040isotope\040incorporation\040rates\040on\040consumer\040trophic\040position\040estimation}{}% 36
\BOOKMARK [1][-]{section.5.1}{Tables}{chapter.5}% 37
\BOOKMARK [1][-]{section.5.2}{Figures}{chapter.5}% 38
\BOOKMARK [0][-]{chapter*.7}{Conclusion}{}% 39
\BOOKMARK [0][-]{appendix.A}{Appendix\0401}{}% 40
\BOOKMARK [1][-]{section.A.1}{Text\0401:\040Full\040analytical\040details\040for\040stable\040isotopes}{appendix.A}% 41
\BOOKMARK [1][-]{section.A.2}{Text\0402:\040Identifying\040size\040and\040sex-based\040trends\040in\040harbor\040seal\040trophic\040position}{appendix.A}% 42
\BOOKMARK [1][-]{section.A.3}{Text\0403:\040Identifying\040temporal\040trends\040in\040harbor\040seal\040trophic\040position}{appendix.A}% 43
\BOOKMARK [1][-]{section.A.4}{Text\0404:\040Accounting\040for\040variability\040in\040trophic\040enrichment\040factors}{appendix.A}% 44
\BOOKMARK [0][-]{appendix*.8}{References}{}% 45
